Started GET "/" for 127.0.0.1 at 2017-10-09 20:54:04 -0400
Processing by Rails::WelcomeController#index as HTML
  Rendering /Users/jasonkwong/.rvm/gems/ruby-2.4.0/gems/railties-5.1.4/lib/rails/templates/rails/welcome/index.html.erb
  Rendered /Users/jasonkwong/.rvm/gems/ruby-2.4.0/gems/railties-5.1.4/lib/rails/templates/rails/welcome/index.html.erb (4.3ms)
Completed 200 OK in 310ms (Views: 10.0ms)


Started GET "/" for 127.0.0.1 at 2017-10-09 21:24:00 -0400
Processing by LandingController#index as HTML
  Rendering landing/index.html.erb within layouts/application
  Rendered landing/index.html.erb within layouts/application (1.9ms)
Completed 200 OK in 1618ms (Views: 1479.5ms)


Started GET "/" for 127.0.0.1 at 2017-10-09 21:42:11 -0400
Processing by LandingController#index as HTML
  Rendering landing/index.html.erb within layouts/application
  Rendered landing/index.html.erb within layouts/application (0.6ms)
Completed 500 Internal Server Error in 49ms


  
ActionView::Template::Error (File to import not found or unreadable: bootstrap-sprockets.
Load paths:
  /Users/jasonkwong/developer/eleven_ed/app/assets/config
  /Users/jasonkwong/developer/eleven_ed/app/assets/images
  /Users/jasonkwong/developer/eleven_ed/app/assets/javascripts
  /Users/jasonkwong/developer/eleven_ed/app/assets/stylesheets
  /Users/jasonkwong/.rvm/gems/ruby-2.4.0/gems/coffee-rails-4.2.2/lib/assets/javascripts
  /Users/jasonkwong/.rvm/gems/ruby-2.4.0/gems/actioncable-5.1.4/lib/assets/compiled
  /Users/jasonkwong/.rvm/gems/ruby-2.4.0/gems/actionview-5.1.4/lib/assets/compiled
  /Users/jasonkwong/.rvm/gems/ruby-2.4.0/gems/turbolinks-source-5.0.3/lib/assets/javascripts
  /Users/jasonkwong/developer/eleven_ed/node_modules):
    4:     <title>ElevenEd</title>
    5:     <%= csrf_meta_tags %>
    6: 
    7:     <%= stylesheet_link_tag    'application', media: 'all', 'data-turbolinks-track': 'reload' %>
    8:     <%= javascript_include_tag 'application', 'data-turbolinks-track': 'reload' %>
    9:   </head>
   10: 
  
app/assets/stylesheets/style.scss:1
app/views/layouts/application.html.erb:7:in `_app_views_layouts_application_html_erb___2822514617211876382_70168144748160'
Started GET "/" for 127.0.0.1 at 2017-10-09 21:50:34 -0400
Processing by LandingController#index as HTML
  Rendering landing/index.html.erb within layouts/application
  Rendered landing/index.html.erb within layouts/application (1.3ms)
Completed 500 Internal Server Error in 7483ms


  
ActionView::Template::Error (File to import not found or unreadable: AdminLTE.
Load paths:
  /Users/jasonkwong/developer/eleven_ed/app/assets/config
  /Users/jasonkwong/developer/eleven_ed/app/assets/images
  /Users/jasonkwong/developer/eleven_ed/app/assets/javascripts
  /Users/jasonkwong/developer/eleven_ed/app/assets/stylesheets
  /Users/jasonkwong/.rvm/gems/ruby-2.4.0/gems/coffee-rails-4.2.2/lib/assets/javascripts
  /Users/jasonkwong/.rvm/gems/ruby-2.4.0/gems/actioncable-5.1.4/lib/assets/compiled
  /Users/jasonkwong/.rvm/gems/ruby-2.4.0/gems/actionview-5.1.4/lib/assets/compiled
  /Users/jasonkwong/.rvm/gems/ruby-2.4.0/gems/turbolinks-source-5.0.3/lib/assets/javascripts
  /Users/jasonkwong/developer/eleven_ed/node_modules
  /Users/jasonkwong/.rvm/gems/ruby-2.4.0/gems/bootstrap-sass-3.2.0.2/assets/stylesheets
  /Users/jasonkwong/.rvm/gems/ruby-2.4.0/gems/bootstrap-sass-3.2.0.2/assets/javascripts
  /Users/jasonkwong/.rvm/gems/ruby-2.4.0/gems/bootstrap-sass-3.2.0.2/assets/fonts
  /Users/jasonkwong/.rvm/gems/ruby-2.4.0/gems/bootstrap-sass-3.2.0.2/assets/images
  /Users/jasonkwong/.rvm/gems/ruby-2.4.0/gems/bootstrap-sass-3.2.0.2/assets/stylesheets):
    4:     <title>ElevenEd</title>
    5:     <%= csrf_meta_tags %>
    6: 
    7:     <%= stylesheet_link_tag    'application', media: 'all', 'data-turbolinks-track': 'reload' %>
    8:     <%= javascript_include_tag 'application', 'data-turbolinks-track': 'reload' %>
    9:   </head>
   10: 
  
app/assets/stylesheets/style.scss:3
app/views/layouts/application.html.erb:7:in `_app_views_layouts_application_html_erb___63323501204593311_70195701998560'
Started GET "/" for 127.0.0.1 at 2017-10-09 21:51:22 -0400
Processing by LandingController#index as HTML
  Rendering landing/index.html.erb within layouts/application
  Rendered landing/index.html.erb within layouts/application (0.5ms)
Completed 500 Internal Server Error in 3994ms


  
ActionView::Template::Error (couldn't find file 'jquery' with type 'application/javascript'
Checked in these paths: 
  /Users/jasonkwong/developer/eleven_ed/app/assets/config
  /Users/jasonkwong/developer/eleven_ed/app/assets/images
  /Users/jasonkwong/developer/eleven_ed/app/assets/javascripts
  /Users/jasonkwong/developer/eleven_ed/app/assets/stylesheets
  /Users/jasonkwong/.rvm/gems/ruby-2.4.0/gems/coffee-rails-4.2.2/lib/assets/javascripts
  /Users/jasonkwong/.rvm/gems/ruby-2.4.0/gems/actioncable-5.1.4/lib/assets/compiled
  /Users/jasonkwong/.rvm/gems/ruby-2.4.0/gems/actionview-5.1.4/lib/assets/compiled
  /Users/jasonkwong/.rvm/gems/ruby-2.4.0/gems/turbolinks-source-5.0.3/lib/assets/javascripts
  /Users/jasonkwong/developer/eleven_ed/node_modules
  /Users/jasonkwong/.rvm/gems/ruby-2.4.0/gems/bootstrap-sass-3.2.0.2/assets/stylesheets
  /Users/jasonkwong/.rvm/gems/ruby-2.4.0/gems/bootstrap-sass-3.2.0.2/assets/javascripts
  /Users/jasonkwong/.rvm/gems/ruby-2.4.0/gems/bootstrap-sass-3.2.0.2/assets/fonts
  /Users/jasonkwong/.rvm/gems/ruby-2.4.0/gems/bootstrap-sass-3.2.0.2/assets/images):
    4:     <title>ElevenEd</title>
    5:     <%= csrf_meta_tags %>
    6: 
    7:     <%= stylesheet_link_tag    'application', media: 'all', 'data-turbolinks-track': 'reload' %>
    8:     <%= javascript_include_tag 'application', 'data-turbolinks-track': 'reload' %>
    9:   </head>
   10: 
  
app/assets/javascripts/application.js:15
app/views/layouts/application.html.erb:7:in `_app_views_layouts_application_html_erb___63323501204593311_70195720131580'
Started GET "/" for 127.0.0.1 at 2017-10-09 21:53:12 -0400
Processing by LandingController#index as HTML
  Rendering landing/index.html.erb within layouts/application
  Rendered landing/index.html.erb within layouts/application (0.5ms)
Completed 500 Internal Server Error in 25ms


  
ActionView::Template::Error (couldn't find file 'jquery' with type 'application/javascript'
Checked in these paths: 
  /Users/jasonkwong/developer/eleven_ed/app/assets/config
  /Users/jasonkwong/developer/eleven_ed/app/assets/images
  /Users/jasonkwong/developer/eleven_ed/app/assets/javascripts
  /Users/jasonkwong/developer/eleven_ed/app/assets/stylesheets
  /Users/jasonkwong/.rvm/gems/ruby-2.4.0/gems/coffee-rails-4.2.2/lib/assets/javascripts
  /Users/jasonkwong/.rvm/gems/ruby-2.4.0/gems/actioncable-5.1.4/lib/assets/compiled
  /Users/jasonkwong/.rvm/gems/ruby-2.4.0/gems/actionview-5.1.4/lib/assets/compiled
  /Users/jasonkwong/.rvm/gems/ruby-2.4.0/gems/turbolinks-source-5.0.3/lib/assets/javascripts
  /Users/jasonkwong/developer/eleven_ed/node_modules
  /Users/jasonkwong/.rvm/gems/ruby-2.4.0/gems/bootstrap-sass-3.2.0.2/assets/stylesheets
  /Users/jasonkwong/.rvm/gems/ruby-2.4.0/gems/bootstrap-sass-3.2.0.2/assets/javascripts
  /Users/jasonkwong/.rvm/gems/ruby-2.4.0/gems/bootstrap-sass-3.2.0.2/assets/fonts
  /Users/jasonkwong/.rvm/gems/ruby-2.4.0/gems/bootstrap-sass-3.2.0.2/assets/images):
    4:     <title>ElevenEd</title>
    5:     <%= csrf_meta_tags %>
    6: 
    7:     <%= stylesheet_link_tag    'application', media: 'all', 'data-turbolinks-track': 'reload' %>
    8:     <%= javascript_include_tag 'application', 'data-turbolinks-track': 'reload' %>
    9:     <script src="//ajax.googleapis.com/ajax/libs/jquery/1.10.2/jquery.min.js"></script>
   10:   </head>
  
app/assets/javascripts/application.js:15
app/views/layouts/application.html.erb:7:in `_app_views_layouts_application_html_erb___63323501204593311_70195745982020'
Started GET "/" for 127.0.0.1 at 2017-10-09 21:53:17 -0400
Processing by LandingController#index as HTML
  Rendering landing/index.html.erb within layouts/application
  Rendered landing/index.html.erb within layouts/application (0.4ms)
Completed 500 Internal Server Error in 21ms


  
ActionView::Template::Error (couldn't find file 'jquery' with type 'application/javascript'
Checked in these paths: 
  /Users/jasonkwong/developer/eleven_ed/app/assets/config
  /Users/jasonkwong/developer/eleven_ed/app/assets/images
  /Users/jasonkwong/developer/eleven_ed/app/assets/javascripts
  /Users/jasonkwong/developer/eleven_ed/app/assets/stylesheets
  /Users/jasonkwong/.rvm/gems/ruby-2.4.0/gems/coffee-rails-4.2.2/lib/assets/javascripts
  /Users/jasonkwong/.rvm/gems/ruby-2.4.0/gems/actioncable-5.1.4/lib/assets/compiled
  /Users/jasonkwong/.rvm/gems/ruby-2.4.0/gems/actionview-5.1.4/lib/assets/compiled
  /Users/jasonkwong/.rvm/gems/ruby-2.4.0/gems/turbolinks-source-5.0.3/lib/assets/javascripts
  /Users/jasonkwong/developer/eleven_ed/node_modules
  /Users/jasonkwong/.rvm/gems/ruby-2.4.0/gems/bootstrap-sass-3.2.0.2/assets/stylesheets
  /Users/jasonkwong/.rvm/gems/ruby-2.4.0/gems/bootstrap-sass-3.2.0.2/assets/javascripts
  /Users/jasonkwong/.rvm/gems/ruby-2.4.0/gems/bootstrap-sass-3.2.0.2/assets/fonts
  /Users/jasonkwong/.rvm/gems/ruby-2.4.0/gems/bootstrap-sass-3.2.0.2/assets/images):
    4:     <title>ElevenEd</title>
    5:     <%= csrf_meta_tags %>
    6: 
    7:     <%= stylesheet_link_tag    'application', media: 'all', 'data-turbolinks-track': 'reload' %>
    8:     <%= javascript_include_tag 'application', 'data-turbolinks-track': 'reload' %>
    9:     <script src="//ajax.googleapis.com/ajax/libs/jquery/1.10.2/jquery.min.js"></script>
   10:   </head>
  
app/assets/javascripts/application.js:15
app/views/layouts/application.html.erb:7:in `_app_views_layouts_application_html_erb___63323501204593311_70195754895120'
Started GET "/" for 127.0.0.1 at 2017-10-09 21:55:25 -0400
Processing by LandingController#index as HTML
  Rendering landing/index.html.erb within layouts/application
  Rendered landing/index.html.erb within layouts/application (0.4ms)
Completed 200 OK in 311ms (Views: 309.3ms)


Started GET "/" for 127.0.0.1 at 2017-10-09 21:57:14 -0400
Processing by LandingController#index as HTML
  Rendering landing/index.html.erb within layouts/application
  Rendered landing/index.html.erb within layouts/application (0.5ms)
Completed 200 OK in 74ms (Views: 71.1ms)


Started GET "/" for 127.0.0.1 at 2017-10-09 21:57:16 -0400
Processing by LandingController#index as HTML
  Rendering landing/index.html.erb within layouts/application
  Rendered landing/index.html.erb within layouts/application (0.6ms)
Completed 200 OK in 62ms (Views: 59.9ms)


Started GET "/" for 127.0.0.1 at 2017-10-09 21:57:26 -0400
Processing by LandingController#index as HTML
  Rendering landing/index.html.erb within layouts/application
  Rendered landing/index.html.erb within layouts/application (0.4ms)
Completed 200 OK in 53ms (Views: 50.9ms)


Started GET "/" for 127.0.0.1 at 2017-10-09 21:57:43 -0400
Processing by LandingController#index as HTML
  Rendering landing/index.html.erb within layouts/application
  Rendered landing/index.html.erb within layouts/application (0.5ms)
Completed 200 OK in 58ms (Views: 56.3ms)


Started GET "/" for 127.0.0.1 at 2017-10-09 21:58:18 -0400
Processing by LandingController#index as HTML
  Rendering landing/index.html.erb within layouts/application
  Rendered landing/index.html.erb within layouts/application (0.5ms)
Completed 200 OK in 53ms (Views: 50.8ms)


Started GET "/" for 127.0.0.1 at 2017-10-09 21:59:15 -0400
Processing by LandingController#index as HTML
  Rendering landing/index.html.erb within layouts/application
  Rendered landing/index.html.erb within layouts/application (0.9ms)
Completed 200 OK in 81ms (Views: 79.1ms)


Started GET "/" for 127.0.0.1 at 2017-10-09 21:59:37 -0400
Processing by LandingController#index as HTML
  Rendering landing/index.html.erb within layouts/application
  Rendered landing/index.html.erb within layouts/application (0.5ms)
Completed 200 OK in 52ms (Views: 49.7ms)


Started GET "/" for 127.0.0.1 at 2017-10-09 22:07:23 -0400
Processing by LandingController#index as HTML
  Rendering landing/index.html.erb within layouts/application
  Rendered landing/index.html.erb within layouts/application (0.5ms)
Completed 200 OK in 67ms (Views: 64.9ms)


Started GET "/" for 127.0.0.1 at 2017-10-09 22:10:14 -0400
Processing by LandingController#index as HTML
  Rendering landing/index.html.erb within layouts/application
  Rendered landing/index.html.erb within layouts/application (0.5ms)
Completed 200 OK in 4251ms (Views: 4248.7ms)


Started GET "/" for 127.0.0.1 at 2017-10-09 22:10:22 -0400
Processing by LandingController#index as HTML
  Rendering landing/index.html.erb within layouts/application
  Rendered landing/index.html.erb within layouts/application (0.6ms)
Completed 200 OK in 48ms (Views: 45.8ms)


Started GET "/" for 127.0.0.1 at 2017-10-09 22:10:29 -0400
Processing by LandingController#index as HTML
  Rendering landing/index.html.erb within layouts/application
  Rendered landing/index.html.erb within layouts/application (0.6ms)
Completed 200 OK in 3893ms (Views: 3890.5ms)


Started GET "/" for 127.0.0.1 at 2017-10-09 22:10:46 -0400
Processing by LandingController#index as HTML
  Rendering landing/index.html.erb within layouts/application
  Rendered landing/index.html.erb within layouts/application (0.7ms)
Completed 200 OK in 3833ms (Views: 3831.6ms)


Started GET "/" for 127.0.0.1 at 2017-10-09 22:12:23 -0400
Processing by LandingController#index as HTML
  Rendering landing/index.html.erb within layouts/application
  Rendered landing/index.html.erb within layouts/application (1.8ms)
Completed 200 OK in 640ms (Views: 362.1ms)


Started GET "/" for 127.0.0.1 at 2017-10-09 22:13:16 -0400
Processing by LandingController#index as HTML
  Rendering landing/index.html.erb within layouts/application
  Rendered landing/index.html.erb within layouts/application (0.8ms)
Completed 200 OK in 71ms (Views: 68.7ms)


Started GET "/" for 127.0.0.1 at 2017-10-09 22:13:49 -0400
Processing by LandingController#index as HTML
  Rendering landing/index.html.erb within layouts/application
  Rendered landing/index.html.erb within layouts/application (0.5ms)
Completed 200 OK in 80ms (Views: 77.8ms)


Started GET "/" for 127.0.0.1 at 2017-10-09 22:13:56 -0400
Processing by LandingController#index as HTML
  Rendering landing/index.html.erb within layouts/application
  Rendered landing/index.html.erb within layouts/application (0.5ms)
Completed 200 OK in 81ms (Views: 78.4ms)


Started GET "/" for 127.0.0.1 at 2017-10-09 22:13:57 -0400
Processing by LandingController#index as HTML
  Rendering landing/index.html.erb within layouts/application
  Rendered landing/index.html.erb within layouts/application (0.8ms)
Completed 200 OK in 61ms (Views: 59.2ms)


Started GET "/" for 127.0.0.1 at 2017-10-09 22:14:02 -0400
Processing by LandingController#index as HTML
  Rendering landing/index.html.erb within layouts/application
  Rendered landing/index.html.erb within layouts/application (0.4ms)
Completed 200 OK in 59ms (Views: 56.6ms)


Started GET "/" for 127.0.0.1 at 2017-10-09 22:19:58 -0400
Processing by LandingController#index as HTML
  Rendering landing/index.html.erb within layouts/application
  Rendered landing/index.html.erb within layouts/application (0.5ms)
Completed 200 OK in 67ms (Views: 65.1ms)


Started GET "/" for 127.0.0.1 at 2017-10-09 22:20:17 -0400
Processing by LandingController#index as HTML
  Rendering landing/index.html.erb within layouts/application
  Rendered landing/index.html.erb within layouts/application (0.6ms)
Completed 200 OK in 50ms (Views: 48.7ms)


Started GET "/" for 127.0.0.1 at 2017-10-09 22:20:19 -0400
Processing by LandingController#index as HTML
  Rendering landing/index.html.erb within layouts/application
  Rendered landing/index.html.erb within layouts/application (0.5ms)
Completed 200 OK in 53ms (Views: 51.5ms)


Started GET "/" for 127.0.0.1 at 2017-10-09 22:20:43 -0400
Processing by LandingController#index as HTML
  Rendering landing/index.html.erb within layouts/application
  Rendered landing/index.html.erb within layouts/application (1.6ms)
Completed 200 OK in 544ms (Views: 345.0ms)


Started GET "/" for 127.0.0.1 at 2017-10-09 22:20:46 -0400
Processing by LandingController#index as HTML
  Rendering landing/index.html.erb within layouts/application
  Rendered landing/index.html.erb within layouts/application (0.6ms)
Completed 200 OK in 66ms (Views: 64.2ms)


Started GET "/" for 127.0.0.1 at 2017-10-09 22:20:47 -0400
Processing by LandingController#index as HTML
  Rendering landing/index.html.erb within layouts/application
  Rendered landing/index.html.erb within layouts/application (0.4ms)
Completed 200 OK in 51ms (Views: 49.3ms)


Started GET "/" for 127.0.0.1 at 2017-10-09 22:21:12 -0400
Processing by LandingController#index as HTML
  Rendering landing/index.html.erb within layouts/application
  Rendered landing/index.html.erb within layouts/application (0.6ms)
Completed 200 OK in 51ms (Views: 48.7ms)


Started GET "/" for 127.0.0.1 at 2017-10-09 22:21:36 -0400
Processing by LandingController#index as HTML
  Rendering landing/index.html.erb within layouts/application
  Rendered landing/index.html.erb within layouts/application (0.7ms)
Completed 200 OK in 76ms (Views: 74.2ms)


Started GET "/" for 127.0.0.1 at 2017-10-09 22:22:20 -0400
Processing by LandingController#index as HTML
  Rendering landing/index.html.erb within layouts/application
  Rendered landing/index.html.erb within layouts/application (0.4ms)
Completed 200 OK in 57ms (Views: 53.9ms)


Started GET "/" for 127.0.0.1 at 2017-10-09 22:22:35 -0400
Processing by LandingController#index as HTML
  Rendering landing/index.html.erb within layouts/application
  Rendered landing/index.html.erb within layouts/application (0.9ms)
Completed 200 OK in 67ms (Views: 65.1ms)


Started GET "/" for 127.0.0.1 at 2017-10-09 22:22:38 -0400
Processing by LandingController#index as HTML
  Rendering landing/index.html.erb within layouts/application
  Rendered landing/index.html.erb within layouts/application (0.6ms)
Completed 200 OK in 75ms (Views: 72.4ms)


Started GET "/" for 127.0.0.1 at 2017-10-09 22:22:56 -0400
Processing by LandingController#index as HTML
  Rendering landing/index.html.erb within layouts/application
  Rendered landing/index.html.erb within layouts/application (0.6ms)
Completed 200 OK in 81ms (Views: 78.2ms)


Started GET "/" for 127.0.0.1 at 2017-10-09 22:22:57 -0400
Processing by LandingController#index as HTML
  Rendering landing/index.html.erb within layouts/application
  Rendered landing/index.html.erb within layouts/application (0.8ms)
Completed 200 OK in 65ms (Views: 63.5ms)


Started GET "/" for 127.0.0.1 at 2017-10-09 22:23:03 -0400
Processing by LandingController#index as HTML
  Rendering landing/index.html.erb within layouts/application
  Rendered landing/index.html.erb within layouts/application (0.6ms)
Completed 200 OK in 69ms (Views: 66.8ms)


Started GET "/" for 127.0.0.1 at 2017-10-09 22:24:04 -0400
Processing by LandingController#index as HTML
  Rendering landing/index.html.erb within layouts/application
  Rendered landing/index.html.erb within layouts/application (0.4ms)
Completed 200 OK in 44ms (Views: 42.4ms)


Started GET "/" for 127.0.0.1 at 2017-10-09 22:24:22 -0400
Processing by LandingController#index as HTML
  Rendering landing/index.html.erb within layouts/application
  Rendered landing/index.html.erb within layouts/application (0.8ms)
Completed 200 OK in 57ms (Views: 55.3ms)


Started GET "/" for 127.0.0.1 at 2017-10-09 22:24:28 -0400
Processing by LandingController#index as HTML
  Rendering landing/index.html.erb within layouts/application
  Rendered landing/index.html.erb within layouts/application (0.4ms)
Completed 200 OK in 48ms (Views: 46.7ms)


Started GET "/" for 127.0.0.1 at 2017-10-09 22:24:50 -0400
Processing by LandingController#index as HTML
  Rendering landing/index.html.erb within layouts/application
  Rendered landing/index.html.erb within layouts/application (0.5ms)
Completed 200 OK in 51ms (Views: 48.6ms)


Started GET "/" for 127.0.0.1 at 2017-10-09 22:25:10 -0400
Processing by LandingController#index as HTML
  Rendering landing/index.html.erb within layouts/application
  Rendered landing/index.html.erb within layouts/application (0.5ms)
Completed 200 OK in 63ms (Views: 60.9ms)


Started GET "/" for 127.0.0.1 at 2017-10-09 22:25:12 -0400
Processing by LandingController#index as HTML
  Rendering landing/index.html.erb within layouts/application
  Rendered landing/index.html.erb within layouts/application (0.5ms)
Completed 200 OK in 52ms (Views: 49.8ms)


Started GET "/" for 127.0.0.1 at 2017-10-09 22:26:39 -0400
Processing by LandingController#index as HTML
  Rendering landing/index.html.erb within layouts/application
  Rendered landing/index.html.erb within layouts/application (0.5ms)
Completed 200 OK in 52ms (Views: 50.5ms)


Started GET "/" for 127.0.0.1 at 2017-10-09 22:27:25 -0400
Processing by LandingController#index as HTML
  Rendering landing/index.html.erb within layouts/application
  Rendered landing/index.html.erb within layouts/application (0.8ms)
Completed 200 OK in 76ms (Views: 72.5ms)


Started GET "/" for 127.0.0.1 at 2017-10-09 22:28:13 -0400
Processing by LandingController#index as HTML
  Rendering landing/index.html.erb within layouts/application
  Rendered landing/index.html.erb within layouts/application (0.6ms)
Completed 200 OK in 55ms (Views: 53.3ms)


Started GET "/" for 127.0.0.1 at 2017-10-09 22:31:23 -0400
Processing by LandingController#index as HTML
  Rendering landing/index.html.erb within layouts/application
  Rendered landing/index.html.erb within layouts/application (1.0ms)
Completed 200 OK in 70ms (Views: 67.2ms)


Started GET "/" for 127.0.0.1 at 2017-10-09 22:51:39 -0400
Processing by LandingController#index as HTML
  Rendering landing/index.html.erb within layouts/application
  Rendered landing/index.html.erb within layouts/application (0.7ms)
Completed 200 OK in 83ms (Views: 80.7ms)


Started GET "/" for 127.0.0.1 at 2017-10-09 22:51:41 -0400
Processing by LandingController#index as HTML
  Rendering landing/index.html.erb within layouts/application
  Rendered landing/index.html.erb within layouts/application (0.5ms)
Completed 200 OK in 49ms (Views: 47.2ms)


Started GET "/" for 127.0.0.1 at 2017-10-09 22:51:58 -0400
Processing by LandingController#index as HTML
  Rendering landing/index.html.erb within layouts/application
  Rendered landing/index.html.erb within layouts/application (0.6ms)
Completed 200 OK in 48ms (Views: 46.6ms)


Started GET "/" for 127.0.0.1 at 2017-10-09 22:52:47 -0400
Processing by LandingController#index as HTML
  Rendering landing/index.html.erb within layouts/application
  Rendered landing/index.html.erb within layouts/application (0.4ms)
Completed 200 OK in 49ms (Views: 47.2ms)


Started GET "/" for 127.0.0.1 at 2017-10-09 22:54:11 -0400
Processing by LandingController#index as HTML
  Rendering landing/index.html.erb within layouts/application
  Rendered landing/index.html.erb within layouts/application (0.5ms)
Completed 200 OK in 60ms (Views: 58.4ms)


Started GET "/" for 127.0.0.1 at 2017-10-09 22:54:14 -0400
Processing by LandingController#index as HTML
  Rendering landing/index.html.erb within layouts/application
  Rendered landing/index.html.erb within layouts/application (0.5ms)
Completed 200 OK in 53ms (Views: 50.8ms)


Started GET "/" for 127.0.0.1 at 2017-10-09 22:54:16 -0400
Processing by LandingController#index as HTML
  Rendering landing/index.html.erb within layouts/application
  Rendered landing/index.html.erb within layouts/application (0.5ms)
Completed 200 OK in 45ms (Views: 43.3ms)


Started GET "/" for 127.0.0.1 at 2017-10-09 22:54:56 -0400
Processing by LandingController#index as HTML
  Rendering landing/index.html.erb within layouts/application
  Rendered landing/index.html.erb within layouts/application (0.6ms)
Completed 200 OK in 51ms (Views: 48.3ms)


Started GET "/" for 127.0.0.1 at 2017-10-09 22:56:37 -0400
Processing by LandingController#index as HTML
  Rendering landing/index.html.erb within layouts/application
  Rendered landing/index.html.erb within layouts/application (0.5ms)
Completed 200 OK in 51ms (Views: 49.1ms)


Started GET "/" for 127.0.0.1 at 2017-10-09 22:59:36 -0400
Processing by LandingController#index as HTML
  Rendering landing/index.html.erb within layouts/application
  Rendered landing/index.html.erb within layouts/application (0.5ms)
Completed 200 OK in 49ms (Views: 46.9ms)


Started GET "/" for 127.0.0.1 at 2017-10-09 23:04:08 -0400
Processing by LandingController#index as HTML
  Rendering landing/index.html.erb within layouts/application
  Rendered landing/index.html.erb within layouts/application (0.5ms)
Completed 200 OK in 47ms (Views: 45.0ms)


Started GET "/" for 127.0.0.1 at 2017-10-09 23:04:19 -0400
Processing by LandingController#index as HTML
  Rendering landing/index.html.erb within layouts/application
  Rendered landing/index.html.erb within layouts/application (0.6ms)
Completed 200 OK in 61ms (Views: 59.1ms)


Started GET "/" for 127.0.0.1 at 2017-10-14 13:49:29 -0400
Processing by LandingController#index as HTML
  Rendering landing/index.html.erb within layouts/application
  Rendered landing/index.html.erb within layouts/application (19.5ms)
Completed 200 OK in 359ms (Views: 332.8ms)


Started GET "/" for 127.0.0.1 at 2017-10-14 13:49:31 -0400
Processing by LandingController#index as HTML
  Rendering landing/index.html.erb within layouts/application
  Rendered landing/index.html.erb within layouts/application (5.1ms)
Completed 200 OK in 71ms (Views: 68.9ms)


Started GET "/" for 127.0.0.1 at 2017-10-14 13:55:14 -0400
Processing by LandingController#index as HTML
  Rendering landing/index.html.erb within layouts/application
  Rendered landing/index.html.erb within layouts/application (0.7ms)
Completed 200 OK in 64ms (Views: 62.6ms)


Started GET "/" for 127.0.0.1 at 2017-10-14 13:55:18 -0400
Processing by LandingController#index as HTML
  Rendering landing/index.html.erb within layouts/application
  Rendered landing/index.html.erb within layouts/application (3.5ms)
Completed 200 OK in 56ms (Views: 54.0ms)


Started GET "/" for 127.0.0.1 at 2017-10-14 13:55:59 -0400
Processing by LandingController#index as HTML
  Rendering landing/index.html.erb within layouts/application
  Rendered landing/index.html.erb within layouts/application (0.7ms)
Completed 200 OK in 65ms (Views: 63.1ms)


Started GET "/" for 127.0.0.1 at 2017-10-14 13:57:37 -0400
Processing by LandingController#index as HTML
  Rendering landing/index.html.erb within layouts/application
  Rendered landing/index.html.erb within layouts/application (3.5ms)
Completed 200 OK in 64ms (Views: 62.3ms)


Started GET "/" for 127.0.0.1 at 2017-10-14 13:57:48 -0400
Processing by LandingController#index as HTML
  Rendering landing/index.html.erb within layouts/application
  Rendered landing/index.html.erb within layouts/application (0.6ms)
Completed 200 OK in 52ms (Views: 49.7ms)


Started GET "/" for 127.0.0.1 at 2017-10-14 13:58:29 -0400
Processing by LandingController#index as HTML
  Rendering landing/index.html.erb within layouts/application
  Rendered landing/index.html.erb within layouts/application (0.9ms)
Completed 200 OK in 72ms (Views: 70.2ms)


Started GET "/" for 127.0.0.1 at 2017-10-14 13:58:45 -0400
Processing by LandingController#index as HTML
  Rendering landing/index.html.erb within layouts/application
  Rendered landing/index.html.erb within layouts/application (0.6ms)
Completed 200 OK in 60ms (Views: 58.0ms)


Started GET "/" for 127.0.0.1 at 2017-10-14 13:59:25 -0400
Processing by LandingController#index as HTML
  Rendering landing/index.html.erb within layouts/application
  Rendered landing/index.html.erb within layouts/application (0.6ms)
Completed 200 OK in 57ms (Views: 55.3ms)


Started GET "/" for 127.0.0.1 at 2017-10-14 13:59:32 -0400
Processing by LandingController#index as HTML
  Rendering landing/index.html.erb within layouts/application
  Rendered landing/index.html.erb within layouts/application (1.1ms)
Completed 200 OK in 61ms (Views: 59.7ms)


Started GET "/" for 127.0.0.1 at 2017-10-14 14:04:29 -0400
Processing by LandingController#index as HTML
  Rendering landing/index.html.erb within layouts/application
  Rendered landing/index.html.erb within layouts/application (0.7ms)
Completed 200 OK in 77ms (Views: 74.1ms)


Started GET "/" for 127.0.0.1 at 2017-10-14 14:12:39 -0400
Processing by LandingController#index as HTML
  Rendering landing/index.html.erb within layouts/application
  Rendered landing/index.html.erb within layouts/application (0.5ms)
Completed 200 OK in 54ms (Views: 52.4ms)


Started GET "/" for 127.0.0.1 at 2017-10-14 14:12:58 -0400
Processing by LandingController#index as HTML
  Rendering landing/index.html.erb within layouts/application
  Rendered landing/index.html.erb within layouts/application (0.6ms)
Completed 200 OK in 64ms (Views: 61.4ms)


Started GET "/" for 127.0.0.1 at 2017-10-14 14:13:38 -0400
Processing by LandingController#index as HTML
  Rendering landing/index.html.erb within layouts/application
  Rendered landing/index.html.erb within layouts/application (1.0ms)
Completed 200 OK in 50ms (Views: 48.1ms)


Started GET "/" for 127.0.0.1 at 2017-10-14 14:16:54 -0400
Processing by LandingController#index as HTML
  Rendering landing/index.html.erb within layouts/application
  Rendered landing/index.html.erb within layouts/application (0.6ms)
Completed 200 OK in 55ms (Views: 53.5ms)


Started GET "/" for 127.0.0.1 at 2017-10-14 14:17:24 -0400
Processing by LandingController#index as HTML
  Rendering landing/index.html.erb within layouts/application
  Rendered landing/index.html.erb within layouts/application (0.6ms)
Completed 200 OK in 51ms (Views: 49.0ms)


Started GET "/" for 127.0.0.1 at 2017-10-14 14:17:40 -0400
Processing by LandingController#index as HTML
  Rendering landing/index.html.erb within layouts/application
  Rendered landing/index.html.erb within layouts/application (0.7ms)
Completed 200 OK in 52ms (Views: 50.1ms)


Started GET "/" for 127.0.0.1 at 2017-10-14 14:18:46 -0400
Processing by LandingController#index as HTML
  Rendering landing/index.html.erb within layouts/application
  Rendered landing/index.html.erb within layouts/application (0.7ms)
Completed 200 OK in 52ms (Views: 50.4ms)


Started GET "/" for 127.0.0.1 at 2017-10-14 14:18:59 -0400
Processing by LandingController#index as HTML
  Rendering landing/index.html.erb within layouts/application
  Rendered landing/index.html.erb within layouts/application (1.1ms)
Completed 200 OK in 67ms (Views: 63.9ms)


Started GET "/" for 127.0.0.1 at 2017-10-14 14:19:11 -0400
Processing by LandingController#index as HTML
  Rendering landing/index.html.erb within layouts/application
  Rendered landing/index.html.erb within layouts/application (0.8ms)
Completed 200 OK in 66ms (Views: 63.7ms)


Started GET "/" for 127.0.0.1 at 2017-10-14 14:19:21 -0400
Processing by LandingController#index as HTML
  Rendering landing/index.html.erb within layouts/application
  Rendered landing/index.html.erb within layouts/application (0.7ms)
Completed 200 OK in 53ms (Views: 51.0ms)


Started GET "/" for 127.0.0.1 at 2017-10-14 14:21:19 -0400
Processing by LandingController#index as HTML
  Rendering landing/index.html.erb within layouts/application
  Rendered landing/index.html.erb within layouts/application (0.8ms)
Completed 200 OK in 54ms (Views: 52.7ms)


Started GET "/" for 127.0.0.1 at 2017-10-14 14:25:06 -0400
Processing by LandingController#index as HTML
  Rendering landing/index.html.erb within layouts/application
  Rendered landing/index.html.erb within layouts/application (1.1ms)
Completed 200 OK in 76ms (Views: 73.9ms)


Started GET "/" for 127.0.0.1 at 2017-10-14 14:25:24 -0400
Processing by LandingController#index as HTML
  Rendering landing/index.html.erb within layouts/application
  Rendered landing/index.html.erb within layouts/application (1.2ms)
Completed 200 OK in 74ms (Views: 71.2ms)


Started GET "/" for 127.0.0.1 at 2017-10-14 14:27:20 -0400
Processing by LandingController#index as HTML
  Rendering landing/index.html.erb within layouts/application
  Rendered landing/index.html.erb within layouts/application (3.7ms)
Completed 200 OK in 64ms (Views: 62.5ms)


Started GET "/" for 127.0.0.1 at 2017-10-14 14:31:51 -0400
Processing by LandingController#index as HTML
  Rendering landing/index.html.erb within layouts/application
  Rendered landing/index.html.erb within layouts/application (0.8ms)
Completed 200 OK in 131ms (Views: 129.5ms)


Started GET "/" for 127.0.0.1 at 2017-10-14 14:32:13 -0400
Processing by LandingController#index as HTML
  Rendering landing/index.html.erb within layouts/application
  Rendered landing/index.html.erb within layouts/application (2.1ms)
Completed 200 OK in 123ms (Views: 119.4ms)


Started GET "/" for 127.0.0.1 at 2017-10-14 14:35:26 -0400
Processing by LandingController#index as HTML
  Rendering landing/index.html.erb within layouts/application
  Rendered landing/index.html.erb within layouts/application (0.9ms)
Completed 200 OK in 71ms (Views: 68.8ms)


Started GET "/" for 127.0.0.1 at 2017-10-14 14:36:16 -0400
Processing by LandingController#index as HTML
  Rendering landing/index.html.erb within layouts/application
  Rendered landing/index.html.erb within layouts/application (1.0ms)
Completed 200 OK in 80ms (Views: 75.9ms)


Started GET "/" for 127.0.0.1 at 2017-10-14 14:42:44 -0400
Processing by LandingController#index as HTML
  Rendering landing/index.html.erb within layouts/application
  Rendered landing/index.html.erb within layouts/application (1.3ms)
Completed 200 OK in 112ms (Views: 109.5ms)


Started GET "/" for 127.0.0.1 at 2017-10-14 14:43:12 -0400
Processing by LandingController#index as HTML
  Rendering landing/index.html.erb within layouts/application
  Rendered landing/index.html.erb within layouts/application (1.0ms)
Completed 200 OK in 69ms (Views: 66.4ms)


Started GET "/" for 127.0.0.1 at 2017-10-14 14:43:57 -0400
Processing by LandingController#index as HTML
  Rendering landing/index.html.erb within layouts/application
  Rendered landing/index.html.erb within layouts/application (0.8ms)
Completed 200 OK in 73ms (Views: 71.0ms)


Started GET "/" for 127.0.0.1 at 2017-10-14 14:49:32 -0400
Processing by LandingController#index as HTML
  Rendering landing/index.html.erb within layouts/application
  Rendered landing/index.html.erb within layouts/application (3.3ms)
Completed 200 OK in 133ms (Views: 123.1ms)


Started GET "/" for 127.0.0.1 at 2017-10-14 14:50:08 -0400
Processing by LandingController#index as HTML
  Rendering landing/index.html.erb within layouts/application
  Rendered landing/index.html.erb within layouts/application (1.0ms)
Completed 200 OK in 63ms (Views: 60.7ms)


Started GET "/" for 127.0.0.1 at 2017-10-14 14:52:53 -0400
Processing by LandingController#index as HTML
  Rendering landing/index.html.erb within layouts/application
  Rendered landing/index.html.erb within layouts/application (0.8ms)
Completed 200 OK in 61ms (Views: 59.4ms)


Started GET "/" for 127.0.0.1 at 2017-10-14 14:56:19 -0400
Processing by LandingController#index as HTML
  Rendering landing/index.html.erb within layouts/application
  Rendered landing/index.html.erb within layouts/application (14.0ms)
Completed 500 Internal Server Error in 19ms


  
ActionView::Template::Error (Missing partial landing/_header, application/_header with {:locale=>[:en], :formats=>[:html], :variants=>[], :handlers=>[:raw, :erb, :html, :builder, :ruby, :coffee, :jbuilder]}. Searched in:
  * "/Users/jasonkwong/developer/eleven_ed/app/views"
):
    24: </head>
    25: 
    26: <body style="text-align: center;">
    27: 	<%= render "header" %>
    28: 	<div class="row even"> 
    29: 		<div class="col-lg-3 col-md-3 left-side">
    30: 		</div>
  
app/views/landing/index.html.erb:27:in `_app_views_landing_index_html_erb___2029226787572152883_70319952730480'
Started GET "/" for 127.0.0.1 at 2017-10-14 14:56:53 -0400
Processing by LandingController#index as HTML
  Rendering landing/index.html.erb within layouts/application
  Rendered landing/index.html.erb within layouts/application (3.7ms)
Completed 500 Internal Server Error in 12ms


  
ActionView::Template::Error (Missing partial ../layouts/_header with {:locale=>[:en], :formats=>[:html], :variants=>[], :handlers=>[:raw, :erb, :html, :builder, :ruby, :coffee, :jbuilder]}. Searched in:
  * "/Users/jasonkwong/developer/eleven_ed/app/views"
):
    24: </head>
    25: 
    26: <body style="text-align: center;">
    27: 	<%= render "../layouts/header" %>
    28: 	<div class="row even"> 
    29: 		<div class="col-lg-3 col-md-3 left-side">
    30: 		</div>
  
app/views/landing/index.html.erb:27:in `_app_views_landing_index_html_erb___2029226787572152883_70319952629740'
Started GET "/" for 127.0.0.1 at 2017-10-14 14:57:01 -0400
Processing by LandingController#index as HTML
  Rendering landing/index.html.erb within layouts/application
  Rendered landing/index.html.erb within layouts/application (4.0ms)
Completed 500 Internal Server Error in 12ms


  
ActionView::Template::Error (Missing partial ../layouts/__header with {:locale=>[:en], :formats=>[:html], :variants=>[], :handlers=>[:raw, :erb, :html, :builder, :ruby, :coffee, :jbuilder]}. Searched in:
  * "/Users/jasonkwong/developer/eleven_ed/app/views"
):
    24: </head>
    25: 
    26: <body style="text-align: center;">
    27: 	<%= render "../layouts/_header" %>
    28: 	<div class="row even"> 
    29: 		<div class="col-lg-3 col-md-3 left-side">
    30: 		</div>
  
app/views/landing/index.html.erb:27:in `_app_views_landing_index_html_erb___2029226787572152883_70319942822820'
Started GET "/" for 127.0.0.1 at 2017-10-14 14:57:38 -0400
Processing by LandingController#index as HTML
  Rendering landing/index.html.erb within layouts/application
  Rendered landing/index.html.erb within layouts/application (3.2ms)
Completed 500 Internal Server Error in 8ms


  
ActionView::Template::Error (Missing partial layouts/__header with {:locale=>[:en], :formats=>[:html], :variants=>[], :handlers=>[:raw, :erb, :html, :builder, :ruby, :coffee, :jbuilder]}. Searched in:
  * "/Users/jasonkwong/developer/eleven_ed/app/views"
):
    24: </head>
    25: 
    26: <body style="text-align: center;">
    27: 	<%= render "layouts/_header" %>
    28: 	<div class="row even"> 
    29: 		<div class="col-lg-3 col-md-3 left-side">
    30: 		</div>
  
app/views/landing/index.html.erb:27:in `_app_views_landing_index_html_erb___2029226787572152883_70319942773560'
Started GET "/" for 127.0.0.1 at 2017-10-14 14:57:40 -0400
Processing by LandingController#index as HTML
  Rendering landing/index.html.erb within layouts/application
  Rendered landing/index.html.erb within layouts/application (3.4ms)
Completed 500 Internal Server Error in 9ms


  
ActionView::Template::Error (Missing partial layouts/__header with {:locale=>[:en], :formats=>[:html], :variants=>[], :handlers=>[:raw, :erb, :html, :builder, :ruby, :coffee, :jbuilder]}. Searched in:
  * "/Users/jasonkwong/developer/eleven_ed/app/views"
):
    24: </head>
    25: 
    26: <body style="text-align: center;">
    27: 	<%= render "layouts/_header" %>
    28: 	<div class="row even"> 
    29: 		<div class="col-lg-3 col-md-3 left-side">
    30: 		</div>
  
app/views/landing/index.html.erb:27:in `_app_views_landing_index_html_erb___2029226787572152883_70319951862120'
Started GET "/" for 127.0.0.1 at 2017-10-14 14:57:48 -0400
Processing by LandingController#index as HTML
  Rendering landing/index.html.erb within layouts/application
  Rendered landing/index.html.erb within layouts/application (5.1ms)
Completed 500 Internal Server Error in 12ms


  
ActionView::Template::Error (Missing partial landing/__header, application/__header with {:locale=>[:en], :formats=>[:html], :variants=>[], :handlers=>[:raw, :erb, :html, :builder, :ruby, :coffee, :jbuilder]}. Searched in:
  * "/Users/jasonkwong/developer/eleven_ed/app/views"
):
    24: </head>
    25: 
    26: <body style="text-align: center;">
    27: 	<%= render "_header" %>
    28: 	<div class="row even"> 
    29: 		<div class="col-lg-3 col-md-3 left-side">
    30: 		</div>
  
app/views/landing/index.html.erb:27:in `_app_views_landing_index_html_erb___2029226787572152883_70319942279280'
Started GET "/" for 127.0.0.1 at 2017-10-14 14:57:49 -0400
Processing by LandingController#index as HTML
  Rendering landing/index.html.erb within layouts/application
  Rendered landing/index.html.erb within layouts/application (4.5ms)
Completed 500 Internal Server Error in 10ms


  
ActionView::Template::Error (Missing partial landing/__header, application/__header with {:locale=>[:en], :formats=>[:html], :variants=>[], :handlers=>[:raw, :erb, :html, :builder, :ruby, :coffee, :jbuilder]}. Searched in:
  * "/Users/jasonkwong/developer/eleven_ed/app/views"
):
    24: </head>
    25: 
    26: <body style="text-align: center;">
    27: 	<%= render "_header" %>
    28: 	<div class="row even"> 
    29: 		<div class="col-lg-3 col-md-3 left-side">
    30: 		</div>
  
app/views/landing/index.html.erb:27:in `_app_views_landing_index_html_erb___2029226787572152883_70319938964400'
Started GET "/" for 127.0.0.1 at 2017-10-14 14:57:57 -0400
Processing by LandingController#index as HTML
  Rendering landing/index.html.erb within layouts/application
  Rendered landing/index.html.erb within layouts/application (4.1ms)
Completed 500 Internal Server Error in 9ms


  
ActionView::Template::Error (Missing partial landing/__header, application/__header with {:locale=>[:en], :formats=>[:html], :variants=>[], :handlers=>[:raw, :erb, :html, :builder, :ruby, :coffee, :jbuilder]}. Searched in:
  * "/Users/jasonkwong/developer/eleven_ed/app/views"
):
    24: </head>
    25: 
    26: <body style="text-align: center;">
    27: 	<%= render "_header" %>
    28: 	<div class="row even"> 
    29: 		<div class="col-lg-3 col-md-3 left-side">
    30: 		</div>
  
app/views/landing/index.html.erb:27:in `_app_views_landing_index_html_erb___2029226787572152883_70319941641880'
Started GET "/" for 127.0.0.1 at 2017-10-14 14:58:31 -0400
Processing by LandingController#index as HTML
  Rendering landing/index.html.erb within layouts/application
  Rendered landing/index.html.erb within layouts/application (5.7ms)
Completed 500 Internal Server Error in 11ms


  
ActionView::Template::Error (Missing partial landing/_header, application/_header with {:locale=>[:en], :formats=>[:html], :variants=>[], :handlers=>[:raw, :erb, :html, :builder, :ruby, :coffee, :jbuilder]}. Searched in:
  * "/Users/jasonkwong/developer/eleven_ed/app/views"
):
    24: </head>
    25: 
    26: <body style="text-align: center;">
    27: 	<%= render "header" %>
    28: 	<div class="row even"> 
    29: 		<div class="col-lg-3 col-md-3 left-side">
    30: 		</div>
  
app/views/landing/index.html.erb:27:in `_app_views_landing_index_html_erb___2029226787572152883_70319938412020'
Started GET "/" for 127.0.0.1 at 2017-10-14 15:00:45 -0400
Processing by LandingController#index as HTML
  Rendering landing/index.html.erb within layouts/application
  Rendered landing/index.html.erb within layouts/application (1.0ms)
Completed 500 Internal Server Error in 66ms


  
ActionView::Template::Error (Missing partial landing/__header, application/__header with {:locale=>[:en], :formats=>[:html], :variants=>[], :handlers=>[:raw, :erb, :html, :builder, :ruby, :coffee, :jbuilder]}. Searched in:
  * "/Users/jasonkwong/developer/eleven_ed/app/views"
):
    10:   </head>
    11: 
    12:   <body>
    13:     <%= render "_header" %>
    14:     <%= yield %>
    15:   </body>
    16: </html>
  
app/views/layouts/application.html.erb:13:in `_app_views_layouts_application_html_erb___3566095255917850609_70319938101160'
Started GET "/" for 127.0.0.1 at 2017-10-14 15:00:52 -0400
Processing by LandingController#index as HTML
  Rendering landing/index.html.erb within layouts/application
  Rendered landing/index.html.erb within layouts/application (0.6ms)
Completed 500 Internal Server Error in 51ms


  
ActionView::Template::Error (Missing partial landing/_header, application/_header with {:locale=>[:en], :formats=>[:html], :variants=>[], :handlers=>[:raw, :erb, :html, :builder, :ruby, :coffee, :jbuilder]}. Searched in:
  * "/Users/jasonkwong/developer/eleven_ed/app/views"
):
    10:   </head>
    11: 
    12:   <body>
    13:     <%= render "header" %>
    14:     <%= yield %>
    15:   </body>
    16: </html>
  
app/views/layouts/application.html.erb:13:in `_app_views_layouts_application_html_erb___3566095255917850609_70319952464600'
Started GET "/" for 127.0.0.1 at 2017-10-14 15:02:03 -0400
Processing by LandingController#index as HTML
  Rendering landing/index.html.erb within layouts/application
  Rendered landing/index.html.erb within layouts/application (0.7ms)
  Rendered layouts/_header.html.erb (0.4ms)
Completed 200 OK in 65ms (Views: 63.3ms)


Started GET "/" for 127.0.0.1 at 2017-10-14 15:02:41 -0400
Processing by LandingController#index as HTML
  Rendering landing/index.html.erb within layouts/application
  Rendered landing/index.html.erb within layouts/application (0.7ms)
  Rendered layouts/_header.html.erb (0.4ms)
Completed 200 OK in 55ms (Views: 53.3ms)


Started GET "/" for 127.0.0.1 at 2017-10-14 15:03:41 -0400
Processing by LandingController#index as HTML
  Rendering landing/index.html.erb within layouts/application
  Rendered landing/index.html.erb within layouts/application (0.8ms)
  Rendered layouts/_header.html.erb (0.4ms)
Completed 200 OK in 66ms (Views: 64.3ms)


Started GET "/" for 127.0.0.1 at 2017-10-14 15:12:40 -0400
Processing by LandingController#index as HTML
  Rendering landing/index.html.erb within layouts/application
  Rendered landing/index.html.erb within layouts/application (1.8ms)
  Rendered layouts/_header.html.erb (0.8ms)
Completed 200 OK in 6697ms (Views: 6441.3ms)


Started GET "/" for 127.0.0.1 at 2017-10-14 15:14:07 -0400
Processing by LandingController#index as HTML
  Rendering landing/index.html.erb within layouts/application
  Rendered landing/index.html.erb within layouts/application (0.8ms)
  Rendered layouts/_header.html.erb (0.3ms)
Completed 200 OK in 83ms (Views: 79.9ms)


Started GET "/" for 127.0.0.1 at 2017-10-14 15:14:37 -0400
Processing by LandingController#index as HTML
  Rendering landing/index.html.erb within layouts/application
  Rendered landing/index.html.erb within layouts/application (0.9ms)
  Rendered layouts/_header.html.erb (0.4ms)
Completed 200 OK in 67ms (Views: 65.2ms)


Started GET "/" for 127.0.0.1 at 2017-10-14 15:14:41 -0400
Processing by LandingController#index as HTML
  Rendering landing/index.html.erb within layouts/application
  Rendered landing/index.html.erb within layouts/application (0.8ms)
  Rendered layouts/_header.html.erb (0.7ms)
Completed 200 OK in 77ms (Views: 74.4ms)


Started GET "/" for 127.0.0.1 at 2017-10-14 15:18:04 -0400
Processing by LandingController#index as HTML
  Rendering landing/index.html.erb within layouts/application
  Rendered landing/index.html.erb within layouts/application (0.7ms)
  Rendered layouts/_header.html.erb (0.5ms)
Completed 200 OK in 77ms (Views: 75.4ms)


Started GET "/" for 127.0.0.1 at 2017-10-14 15:18:21 -0400
Processing by LandingController#index as HTML
  Rendering landing/index.html.erb within layouts/application
  Rendered landing/index.html.erb within layouts/application (0.8ms)
  Rendered layouts/_header.html.erb (0.3ms)
Completed 200 OK in 63ms (Views: 61.5ms)


Started GET "/" for 127.0.0.1 at 2017-10-14 15:19:06 -0400
Processing by LandingController#index as HTML
  Rendering landing/index.html.erb within layouts/application
  Rendered landing/index.html.erb within layouts/application (0.8ms)
  Rendered layouts/_header.html.erb (0.8ms)
Completed 200 OK in 66ms (Views: 62.9ms)


Started GET "/" for 127.0.0.1 at 2017-10-14 15:20:49 -0400
Processing by LandingController#index as HTML
  Rendering landing/index.html.erb within layouts/application
  Rendered landing/index.html.erb within layouts/application (1.2ms)
  Rendered layouts/_header.html.erb (0.6ms)
Completed 200 OK in 97ms (Views: 95.5ms)


Started GET "/" for 127.0.0.1 at 2017-10-14 15:21:53 -0400
Processing by LandingController#index as HTML
  Rendering landing/index.html.erb within layouts/application
  Rendered landing/index.html.erb within layouts/application (1.0ms)
  Rendered layouts/_header.html.erb (1.4ms)
Completed 200 OK in 82ms (Views: 80.7ms)


Started GET "/" for 127.0.0.1 at 2017-10-14 15:21:56 -0400
Processing by LandingController#index as HTML
  Rendering landing/index.html.erb within layouts/application
  Rendered landing/index.html.erb within layouts/application (1.0ms)
  Rendered layouts/_header.html.erb (0.6ms)
Completed 200 OK in 64ms (Views: 62.5ms)


Started GET "/" for 127.0.0.1 at 2017-10-14 15:22:00 -0400
Processing by LandingController#index as HTML
  Rendering landing/index.html.erb within layouts/application
  Rendered landing/index.html.erb within layouts/application (1.0ms)
  Rendered layouts/_header.html.erb (0.7ms)
Completed 200 OK in 65ms (Views: 63.5ms)


Started GET "/" for 127.0.0.1 at 2017-10-14 15:23:41 -0400
Processing by LandingController#index as HTML
  Rendering landing/index.html.erb within layouts/application
  Rendered landing/index.html.erb within layouts/application (1.3ms)
  Rendered layouts/_header.html.erb (0.5ms)
Completed 200 OK in 72ms (Views: 69.5ms)


Started GET "/" for 127.0.0.1 at 2017-10-14 15:24:14 -0400
Processing by LandingController#index as HTML
  Rendering landing/index.html.erb within layouts/application
  Rendered landing/index.html.erb within layouts/application (0.7ms)
  Rendered layouts/_header.html.erb (0.4ms)
Completed 200 OK in 76ms (Views: 73.0ms)


Started GET "/" for 127.0.0.1 at 2017-10-14 15:25:31 -0400
Processing by LandingController#index as HTML
  Rendering landing/index.html.erb within layouts/application
  Rendered landing/index.html.erb within layouts/application (1.8ms)
  Rendered layouts/_header.html.erb (0.6ms)
Completed 200 OK in 60ms (Views: 58.6ms)


Started GET "/" for 127.0.0.1 at 2017-10-14 15:25:48 -0400
Processing by LandingController#index as HTML
  Rendering landing/index.html.erb within layouts/application
  Rendered landing/index.html.erb within layouts/application (0.9ms)
  Rendered layouts/_header.html.erb (0.3ms)
Completed 200 OK in 77ms (Views: 75.0ms)


Started GET "/" for 127.0.0.1 at 2017-10-14 15:31:21 -0400
Processing by LandingController#index as HTML
  Rendering landing/index.html.erb within layouts/application
  Rendered landing/index.html.erb within layouts/application (0.7ms)
  Rendered layouts/_header.html.erb (0.4ms)
Completed 200 OK in 76ms (Views: 74.4ms)


Started GET "/" for 127.0.0.1 at 2017-10-14 17:10:57 -0400
Processing by LandingController#index as HTML
  Rendering landing/index.html.erb within layouts/application
  Rendered landing/index.html.erb within layouts/application (15.2ms)
Completed 500 Internal Server Error in 45ms


  
SyntaxError (/Users/jasonkwong/developer/eleven_ed/app/views/landing/index.html.erb:192: syntax error, unexpected keyword_ensure, expecting keyword_end
          ensure
                ^):
  
app/views/landing/index.html.erb:192: syntax error, unexpected keyword_ensure, expecting keyword_end
Started GET "/" for 127.0.0.1 at 2017-10-14 17:11:13 -0400
Processing by LandingController#index as HTML
  Rendering landing/index.html.erb within layouts/application
  Rendered landing/index.html.erb within layouts/application (11.1ms)
Completed 500 Internal Server Error in 21ms


  
ActionView::Template::Error (The asset "jason" is not present in the asset pipeline.):
    178: 				You book a weekly schedule for 4 weeks. You can book as many open time slots as youd like. We will meet on the same day(s) and time(s) for 4 consecutive weeks through Skype. Materials will be given to you online to complete. In person-sessions are also available if you're in the DC area.
    179: 				<br><br>
    180: 				<button>Insert Buy Button here: "Book Jason Risk-Free"</button><br><br>
    181: 				<%= image_tag('jason') %>
    182: 
    183: 
    184: 				<h1>Insert Professional Pic Here</h1>
  
app/views/landing/index.html.erb:181:in `_app_views_landing_index_html_erb__1796209272434949410_70223993500340'
Started GET "/" for 127.0.0.1 at 2017-10-14 17:11:25 -0400
Processing by LandingController#index as HTML
  Rendering landing/index.html.erb within layouts/application
  Rendered landing/index.html.erb within layouts/application (5.7ms)
Completed 500 Internal Server Error in 14ms


  
ActionView::Template::Error (The asset "jason.jpeg" is not present in the asset pipeline.):
    178: 				You book a weekly schedule for 4 weeks. You can book as many open time slots as youd like. We will meet on the same day(s) and time(s) for 4 consecutive weeks through Skype. Materials will be given to you online to complete. In person-sessions are also available if you're in the DC area.
    179: 				<br><br>
    180: 				<button>Insert Buy Button here: "Book Jason Risk-Free"</button><br><br>
    181: 				<%= image_tag('jason.jpeg') %>
    182: 
    183: 
    184: 				<h1>Insert Professional Pic Here</h1>
  
app/views/landing/index.html.erb:181:in `_app_views_landing_index_html_erb__1796209272434949410_70223963792840'
Started GET "/" for 127.0.0.1 at 2017-10-14 17:11:40 -0400
Processing by LandingController#index as HTML
  Rendering landing/index.html.erb within layouts/application
  Rendered landing/index.html.erb within layouts/application (131.1ms)
Completed 500 Internal Server Error in 400ms


  
ActionView::Template::Error (The asset "jason.jpeg" is not present in the asset pipeline.):
    178: 				You book a weekly schedule for 4 weeks. You can book as many open time slots as youd like. We will meet on the same day(s) and time(s) for 4 consecutive weeks through Skype. Materials will be given to you online to complete. In person-sessions are also available if you're in the DC area.
    179: 				<br><br>
    180: 				<button>Insert Buy Button here: "Book Jason Risk-Free"</button><br><br>
    181: 				<%= image_tag('jason.jpeg') %>
    182: 
    183: 
    184: 				<h1>Insert Professional Pic Here</h1>
  
app/views/landing/index.html.erb:181:in `_app_views_landing_index_html_erb__945798881816400074_70264145487680'
Started GET "/" for 127.0.0.1 at 2017-10-14 17:12:05 -0400
Processing by LandingController#index as HTML
  Rendering landing/index.html.erb within layouts/application
  Rendered landing/index.html.erb within layouts/application (1.0ms)
  Rendered layouts/_header.html.erb (0.5ms)
Completed 200 OK in 276ms (Views: 274.0ms)


Started GET "/jason.jpeg" for 127.0.0.1 at 2017-10-14 17:12:06 -0400
  
ActionController::RoutingError (No route matches [GET] "/jason.jpeg"):
  
actionpack (5.1.4) lib/action_dispatch/middleware/debug_exceptions.rb:63:in `call'
web-console (3.5.1) lib/web_console/middleware.rb:135:in `call_app'
web-console (3.5.1) lib/web_console/middleware.rb:28:in `block in call'
web-console (3.5.1) lib/web_console/middleware.rb:18:in `catch'
web-console (3.5.1) lib/web_console/middleware.rb:18:in `call'
actionpack (5.1.4) lib/action_dispatch/middleware/show_exceptions.rb:31:in `call'
railties (5.1.4) lib/rails/rack/logger.rb:36:in `call_app'
railties (5.1.4) lib/rails/rack/logger.rb:24:in `block in call'
activesupport (5.1.4) lib/active_support/tagged_logging.rb:69:in `block in tagged'
activesupport (5.1.4) lib/active_support/tagged_logging.rb:26:in `tagged'
activesupport (5.1.4) lib/active_support/tagged_logging.rb:69:in `tagged'
railties (5.1.4) lib/rails/rack/logger.rb:24:in `call'
sprockets-rails (3.2.1) lib/sprockets/rails/quiet_assets.rb:13:in `call'
actionpack (5.1.4) lib/action_dispatch/middleware/remote_ip.rb:79:in `call'
actionpack (5.1.4) lib/action_dispatch/middleware/request_id.rb:25:in `call'
rack (2.0.3) lib/rack/method_override.rb:22:in `call'
rack (2.0.3) lib/rack/runtime.rb:22:in `call'
activesupport (5.1.4) lib/active_support/cache/strategy/local_cache_middleware.rb:27:in `call'
actionpack (5.1.4) lib/action_dispatch/middleware/executor.rb:12:in `call'
actionpack (5.1.4) lib/action_dispatch/middleware/static.rb:125:in `call'
rack (2.0.3) lib/rack/sendfile.rb:111:in `call'
railties (5.1.4) lib/rails/engine.rb:522:in `call'
puma (3.10.0) lib/puma/configuration.rb:225:in `call'
puma (3.10.0) lib/puma/server.rb:605:in `handle_request'
puma (3.10.0) lib/puma/server.rb:437:in `process_client'
puma (3.10.0) lib/puma/server.rb:301:in `block in run'
puma (3.10.0) lib/puma/thread_pool.rb:120:in `block in spawn_thread'
Started GET "/" for 127.0.0.1 at 2017-10-14 17:15:13 -0400
Processing by LandingController#index as HTML
  Rendering landing/index.html.erb within layouts/application
  Rendered landing/index.html.erb within layouts/application (127.8ms)
Completed 500 Internal Server Error in 395ms


  
ActionView::Template::Error (The asset "jason.jpeg" is not present in the asset pipeline.):
    178: 				You book a weekly schedule for 4 weeks. You can book as many open time slots as youd like. We will meet on the same day(s) and time(s) for 4 consecutive weeks through Skype. Materials will be given to you online to complete. In person-sessions are also available if you're in the DC area.
    179: 				<br><br>
    180: 				<button>Insert Buy Button here: "Book Jason Risk-Free"</button><br><br>
    181: 				<%= image_tag('jason.jpeg') %>
    182: 
    183: 
    184: 				<h1>Insert Professional Pic Here</h1>
  
app/views/landing/index.html.erb:181:in `_app_views_landing_index_html_erb___2065831002396971183_70346022776800'
Started GET "/" for 127.0.0.1 at 2017-10-14 17:15:17 -0400
Processing by LandingController#index as HTML
  Rendering landing/index.html.erb within layouts/application
  Rendered landing/index.html.erb within layouts/application (5.4ms)
Completed 500 Internal Server Error in 12ms


  
ActionView::Template::Error (The asset "jason.jpeg" is not present in the asset pipeline.):
    178: 				You book a weekly schedule for 4 weeks. You can book as many open time slots as youd like. We will meet on the same day(s) and time(s) for 4 consecutive weeks through Skype. Materials will be given to you online to complete. In person-sessions are also available if you're in the DC area.
    179: 				<br><br>
    180: 				<button>Insert Buy Button here: "Book Jason Risk-Free"</button><br><br>
    181: 				<%= image_tag('jason.jpeg') %>
    182: 
    183: 
    184: 				<h1>Insert Professional Pic Here</h1>
  
app/views/landing/index.html.erb:181:in `_app_views_landing_index_html_erb___2065831002396971183_70346038808400'
Started GET "/" for 127.0.0.1 at 2017-10-14 17:16:20 -0400
Processing by LandingController#index as HTML
  Rendering landing/index.html.erb within layouts/application
  Rendered landing/index.html.erb within layouts/application (308.3ms)
  Rendered layouts/_header.html.erb (0.6ms)
Completed 200 OK in 719ms (Views: 457.9ms)


Started GET "/" for 127.0.0.1 at 2017-10-14 17:18:43 -0400
Processing by LandingController#index as HTML
  Rendering landing/index.html.erb within layouts/application
  Rendered landing/index.html.erb within layouts/application (0.9ms)
  Rendered layouts/_header.html.erb (0.5ms)
Completed 200 OK in 87ms (Views: 84.8ms)


Started GET "/images/jason.jpeg" for 127.0.0.1 at 2017-10-14 17:18:43 -0400
  
ActionController::RoutingError (No route matches [GET] "/images/jason.jpeg"):
  
actionpack (5.1.4) lib/action_dispatch/middleware/debug_exceptions.rb:63:in `call'
web-console (3.5.1) lib/web_console/middleware.rb:135:in `call_app'
web-console (3.5.1) lib/web_console/middleware.rb:28:in `block in call'
web-console (3.5.1) lib/web_console/middleware.rb:18:in `catch'
web-console (3.5.1) lib/web_console/middleware.rb:18:in `call'
actionpack (5.1.4) lib/action_dispatch/middleware/show_exceptions.rb:31:in `call'
railties (5.1.4) lib/rails/rack/logger.rb:36:in `call_app'
railties (5.1.4) lib/rails/rack/logger.rb:24:in `block in call'
activesupport (5.1.4) lib/active_support/tagged_logging.rb:69:in `block in tagged'
activesupport (5.1.4) lib/active_support/tagged_logging.rb:26:in `tagged'
activesupport (5.1.4) lib/active_support/tagged_logging.rb:69:in `tagged'
railties (5.1.4) lib/rails/rack/logger.rb:24:in `call'
sprockets-rails (3.2.1) lib/sprockets/rails/quiet_assets.rb:13:in `call'
actionpack (5.1.4) lib/action_dispatch/middleware/remote_ip.rb:79:in `call'
actionpack (5.1.4) lib/action_dispatch/middleware/request_id.rb:25:in `call'
rack (2.0.3) lib/rack/method_override.rb:22:in `call'
rack (2.0.3) lib/rack/runtime.rb:22:in `call'
activesupport (5.1.4) lib/active_support/cache/strategy/local_cache_middleware.rb:27:in `call'
actionpack (5.1.4) lib/action_dispatch/middleware/executor.rb:12:in `call'
actionpack (5.1.4) lib/action_dispatch/middleware/static.rb:125:in `call'
rack (2.0.3) lib/rack/sendfile.rb:111:in `call'
railties (5.1.4) lib/rails/engine.rb:522:in `call'
puma (3.10.0) lib/puma/configuration.rb:225:in `call'
puma (3.10.0) lib/puma/server.rb:605:in `handle_request'
puma (3.10.0) lib/puma/server.rb:437:in `process_client'
puma (3.10.0) lib/puma/server.rb:301:in `block in run'
puma (3.10.0) lib/puma/thread_pool.rb:120:in `block in spawn_thread'
Started GET "/" for 127.0.0.1 at 2017-10-14 17:18:50 -0400
Processing by LandingController#index as HTML
  Rendering landing/index.html.erb within layouts/application
  Rendered landing/index.html.erb within layouts/application (0.8ms)
  Rendered layouts/_header.html.erb (0.3ms)
Completed 200 OK in 73ms (Views: 70.9ms)


Started GET "/images/jason.jpeg" for 127.0.0.1 at 2017-10-14 17:18:50 -0400
  
ActionController::RoutingError (No route matches [GET] "/images/jason.jpeg"):
  
actionpack (5.1.4) lib/action_dispatch/middleware/debug_exceptions.rb:63:in `call'
web-console (3.5.1) lib/web_console/middleware.rb:135:in `call_app'
web-console (3.5.1) lib/web_console/middleware.rb:28:in `block in call'
web-console (3.5.1) lib/web_console/middleware.rb:18:in `catch'
web-console (3.5.1) lib/web_console/middleware.rb:18:in `call'
actionpack (5.1.4) lib/action_dispatch/middleware/show_exceptions.rb:31:in `call'
railties (5.1.4) lib/rails/rack/logger.rb:36:in `call_app'
railties (5.1.4) lib/rails/rack/logger.rb:24:in `block in call'
activesupport (5.1.4) lib/active_support/tagged_logging.rb:69:in `block in tagged'
activesupport (5.1.4) lib/active_support/tagged_logging.rb:26:in `tagged'
activesupport (5.1.4) lib/active_support/tagged_logging.rb:69:in `tagged'
railties (5.1.4) lib/rails/rack/logger.rb:24:in `call'
sprockets-rails (3.2.1) lib/sprockets/rails/quiet_assets.rb:13:in `call'
actionpack (5.1.4) lib/action_dispatch/middleware/remote_ip.rb:79:in `call'
actionpack (5.1.4) lib/action_dispatch/middleware/request_id.rb:25:in `call'
rack (2.0.3) lib/rack/method_override.rb:22:in `call'
rack (2.0.3) lib/rack/runtime.rb:22:in `call'
activesupport (5.1.4) lib/active_support/cache/strategy/local_cache_middleware.rb:27:in `call'
actionpack (5.1.4) lib/action_dispatch/middleware/executor.rb:12:in `call'
actionpack (5.1.4) lib/action_dispatch/middleware/static.rb:125:in `call'
rack (2.0.3) lib/rack/sendfile.rb:111:in `call'
railties (5.1.4) lib/rails/engine.rb:522:in `call'
puma (3.10.0) lib/puma/configuration.rb:225:in `call'
puma (3.10.0) lib/puma/server.rb:605:in `handle_request'
puma (3.10.0) lib/puma/server.rb:437:in `process_client'
puma (3.10.0) lib/puma/server.rb:301:in `block in run'
puma (3.10.0) lib/puma/thread_pool.rb:120:in `block in spawn_thread'
Started GET "/" for 127.0.0.1 at 2017-10-14 17:18:58 -0400
Processing by LandingController#index as HTML
  Rendering landing/index.html.erb within layouts/application
  Rendered landing/index.html.erb within layouts/application (2.0ms)
  Rendered layouts/_header.html.erb (0.5ms)
Completed 200 OK in 644ms (Views: 386.7ms)


Started GET "/images/jason.jpeg" for 127.0.0.1 at 2017-10-14 17:18:59 -0400
  
ActionController::RoutingError (No route matches [GET] "/images/jason.jpeg"):
  
actionpack (5.1.4) lib/action_dispatch/middleware/debug_exceptions.rb:63:in `call'
web-console (3.5.1) lib/web_console/middleware.rb:135:in `call_app'
web-console (3.5.1) lib/web_console/middleware.rb:28:in `block in call'
web-console (3.5.1) lib/web_console/middleware.rb:18:in `catch'
web-console (3.5.1) lib/web_console/middleware.rb:18:in `call'
actionpack (5.1.4) lib/action_dispatch/middleware/show_exceptions.rb:31:in `call'
railties (5.1.4) lib/rails/rack/logger.rb:36:in `call_app'
railties (5.1.4) lib/rails/rack/logger.rb:24:in `block in call'
activesupport (5.1.4) lib/active_support/tagged_logging.rb:69:in `block in tagged'
activesupport (5.1.4) lib/active_support/tagged_logging.rb:26:in `tagged'
activesupport (5.1.4) lib/active_support/tagged_logging.rb:69:in `tagged'
railties (5.1.4) lib/rails/rack/logger.rb:24:in `call'
sprockets-rails (3.2.1) lib/sprockets/rails/quiet_assets.rb:13:in `call'
actionpack (5.1.4) lib/action_dispatch/middleware/remote_ip.rb:79:in `call'
actionpack (5.1.4) lib/action_dispatch/middleware/request_id.rb:25:in `call'
rack (2.0.3) lib/rack/method_override.rb:22:in `call'
rack (2.0.3) lib/rack/runtime.rb:22:in `call'
activesupport (5.1.4) lib/active_support/cache/strategy/local_cache_middleware.rb:27:in `call'
actionpack (5.1.4) lib/action_dispatch/middleware/executor.rb:12:in `call'
actionpack (5.1.4) lib/action_dispatch/middleware/static.rb:125:in `call'
rack (2.0.3) lib/rack/sendfile.rb:111:in `call'
railties (5.1.4) lib/rails/engine.rb:522:in `call'
puma (3.10.0) lib/puma/configuration.rb:225:in `call'
puma (3.10.0) lib/puma/server.rb:605:in `handle_request'
puma (3.10.0) lib/puma/server.rb:437:in `process_client'
puma (3.10.0) lib/puma/server.rb:301:in `block in run'
puma (3.10.0) lib/puma/thread_pool.rb:120:in `block in spawn_thread'
Started GET "/" for 127.0.0.1 at 2017-10-14 17:18:59 -0400
Processing by LandingController#index as HTML
  Rendering landing/index.html.erb within layouts/application
  Rendered landing/index.html.erb within layouts/application (0.7ms)
  Rendered layouts/_header.html.erb (0.6ms)
Completed 200 OK in 230ms (Views: 227.7ms)


Started GET "/images/jason.jpeg" for 127.0.0.1 at 2017-10-14 17:19:00 -0400
  
ActionController::RoutingError (No route matches [GET] "/images/jason.jpeg"):
  
actionpack (5.1.4) lib/action_dispatch/middleware/debug_exceptions.rb:63:in `call'
web-console (3.5.1) lib/web_console/middleware.rb:135:in `call_app'
web-console (3.5.1) lib/web_console/middleware.rb:28:in `block in call'
web-console (3.5.1) lib/web_console/middleware.rb:18:in `catch'
web-console (3.5.1) lib/web_console/middleware.rb:18:in `call'
actionpack (5.1.4) lib/action_dispatch/middleware/show_exceptions.rb:31:in `call'
railties (5.1.4) lib/rails/rack/logger.rb:36:in `call_app'
railties (5.1.4) lib/rails/rack/logger.rb:24:in `block in call'
activesupport (5.1.4) lib/active_support/tagged_logging.rb:69:in `block in tagged'
activesupport (5.1.4) lib/active_support/tagged_logging.rb:26:in `tagged'
activesupport (5.1.4) lib/active_support/tagged_logging.rb:69:in `tagged'
railties (5.1.4) lib/rails/rack/logger.rb:24:in `call'
sprockets-rails (3.2.1) lib/sprockets/rails/quiet_assets.rb:13:in `call'
actionpack (5.1.4) lib/action_dispatch/middleware/remote_ip.rb:79:in `call'
actionpack (5.1.4) lib/action_dispatch/middleware/request_id.rb:25:in `call'
rack (2.0.3) lib/rack/method_override.rb:22:in `call'
rack (2.0.3) lib/rack/runtime.rb:22:in `call'
activesupport (5.1.4) lib/active_support/cache/strategy/local_cache_middleware.rb:27:in `call'
actionpack (5.1.4) lib/action_dispatch/middleware/executor.rb:12:in `call'
actionpack (5.1.4) lib/action_dispatch/middleware/static.rb:125:in `call'
rack (2.0.3) lib/rack/sendfile.rb:111:in `call'
railties (5.1.4) lib/rails/engine.rb:522:in `call'
puma (3.10.0) lib/puma/configuration.rb:225:in `call'
puma (3.10.0) lib/puma/server.rb:605:in `handle_request'
puma (3.10.0) lib/puma/server.rb:437:in `process_client'
puma (3.10.0) lib/puma/server.rb:301:in `block in run'
puma (3.10.0) lib/puma/thread_pool.rb:120:in `block in spawn_thread'
Started GET "/" for 127.0.0.1 at 2017-10-14 17:19:16 -0400
Processing by LandingController#index as HTML
  Rendering landing/index.html.erb within layouts/application
  Rendered landing/index.html.erb within layouts/application (1.1ms)
  Rendered layouts/_header.html.erb (0.4ms)
Completed 200 OK in 77ms (Views: 73.9ms)


  
ActionController::RoutingError (No route matches [GET] "/assets/images/jason.jpeg"):
  
actionpack (5.1.4) lib/action_dispatch/middleware/debug_exceptions.rb:63:in `call'
web-console (3.5.1) lib/web_console/middleware.rb:135:in `call_app'
web-console (3.5.1) lib/web_console/middleware.rb:28:in `block in call'
web-console (3.5.1) lib/web_console/middleware.rb:18:in `catch'
web-console (3.5.1) lib/web_console/middleware.rb:18:in `call'
actionpack (5.1.4) lib/action_dispatch/middleware/show_exceptions.rb:31:in `call'
railties (5.1.4) lib/rails/rack/logger.rb:36:in `call_app'
railties (5.1.4) lib/rails/rack/logger.rb:24:in `block in call'
activesupport (5.1.4) lib/active_support/tagged_logging.rb:69:in `block in tagged'
activesupport (5.1.4) lib/active_support/tagged_logging.rb:26:in `tagged'
activesupport (5.1.4) lib/active_support/tagged_logging.rb:69:in `tagged'
railties (5.1.4) lib/rails/rack/logger.rb:24:in `call'
sprockets-rails (3.2.1) lib/sprockets/rails/quiet_assets.rb:11:in `block in call'
activesupport (5.1.4) lib/active_support/logger_silence.rb:20:in `silence'
activesupport (5.1.4) lib/active_support/logger.rb:63:in `block (3 levels) in broadcast'
activesupport (5.1.4) lib/active_support/logger_silence.rb:20:in `silence'
activesupport (5.1.4) lib/active_support/logger.rb:61:in `block (2 levels) in broadcast'
sprockets-rails (3.2.1) lib/sprockets/rails/quiet_assets.rb:11:in `call'
actionpack (5.1.4) lib/action_dispatch/middleware/remote_ip.rb:79:in `call'
actionpack (5.1.4) lib/action_dispatch/middleware/request_id.rb:25:in `call'
rack (2.0.3) lib/rack/method_override.rb:22:in `call'
rack (2.0.3) lib/rack/runtime.rb:22:in `call'
activesupport (5.1.4) lib/active_support/cache/strategy/local_cache_middleware.rb:27:in `call'
actionpack (5.1.4) lib/action_dispatch/middleware/executor.rb:12:in `call'
actionpack (5.1.4) lib/action_dispatch/middleware/static.rb:125:in `call'
rack (2.0.3) lib/rack/sendfile.rb:111:in `call'
railties (5.1.4) lib/rails/engine.rb:522:in `call'
puma (3.10.0) lib/puma/configuration.rb:225:in `call'
puma (3.10.0) lib/puma/server.rb:605:in `handle_request'
puma (3.10.0) lib/puma/server.rb:437:in `process_client'
puma (3.10.0) lib/puma/server.rb:301:in `block in run'
puma (3.10.0) lib/puma/thread_pool.rb:120:in `block in spawn_thread'
Started GET "/" for 127.0.0.1 at 2017-10-14 17:19:26 -0400
Processing by LandingController#index as HTML
  Rendering landing/index.html.erb within layouts/application
  Rendered landing/index.html.erb within layouts/application (1.7ms)
  Rendered layouts/_header.html.erb (0.6ms)
Completed 200 OK in 578ms (Views: 316.6ms)


  
ActionController::RoutingError (No route matches [GET] "/assets/images/jason.jpeg"):
  
actionpack (5.1.4) lib/action_dispatch/middleware/debug_exceptions.rb:63:in `call'
web-console (3.5.1) lib/web_console/middleware.rb:135:in `call_app'
web-console (3.5.1) lib/web_console/middleware.rb:28:in `block in call'
web-console (3.5.1) lib/web_console/middleware.rb:18:in `catch'
web-console (3.5.1) lib/web_console/middleware.rb:18:in `call'
actionpack (5.1.4) lib/action_dispatch/middleware/show_exceptions.rb:31:in `call'
railties (5.1.4) lib/rails/rack/logger.rb:36:in `call_app'
railties (5.1.4) lib/rails/rack/logger.rb:24:in `block in call'
activesupport (5.1.4) lib/active_support/tagged_logging.rb:69:in `block in tagged'
activesupport (5.1.4) lib/active_support/tagged_logging.rb:26:in `tagged'
activesupport (5.1.4) lib/active_support/tagged_logging.rb:69:in `tagged'
railties (5.1.4) lib/rails/rack/logger.rb:24:in `call'
sprockets-rails (3.2.1) lib/sprockets/rails/quiet_assets.rb:11:in `block in call'
activesupport (5.1.4) lib/active_support/logger_silence.rb:20:in `silence'
activesupport (5.1.4) lib/active_support/logger.rb:63:in `block (3 levels) in broadcast'
activesupport (5.1.4) lib/active_support/logger_silence.rb:20:in `silence'
activesupport (5.1.4) lib/active_support/logger.rb:61:in `block (2 levels) in broadcast'
sprockets-rails (3.2.1) lib/sprockets/rails/quiet_assets.rb:11:in `call'
actionpack (5.1.4) lib/action_dispatch/middleware/remote_ip.rb:79:in `call'
actionpack (5.1.4) lib/action_dispatch/middleware/request_id.rb:25:in `call'
rack (2.0.3) lib/rack/method_override.rb:22:in `call'
rack (2.0.3) lib/rack/runtime.rb:22:in `call'
activesupport (5.1.4) lib/active_support/cache/strategy/local_cache_middleware.rb:27:in `call'
actionpack (5.1.4) lib/action_dispatch/middleware/executor.rb:12:in `call'
actionpack (5.1.4) lib/action_dispatch/middleware/static.rb:125:in `call'
rack (2.0.3) lib/rack/sendfile.rb:111:in `call'
railties (5.1.4) lib/rails/engine.rb:522:in `call'
puma (3.10.0) lib/puma/configuration.rb:225:in `call'
puma (3.10.0) lib/puma/server.rb:605:in `handle_request'
puma (3.10.0) lib/puma/server.rb:437:in `process_client'
puma (3.10.0) lib/puma/server.rb:301:in `block in run'
puma (3.10.0) lib/puma/thread_pool.rb:120:in `block in spawn_thread'
Started GET "/" for 127.0.0.1 at 2017-10-14 17:19:30 -0400
Processing by LandingController#index as HTML
  Rendering landing/index.html.erb within layouts/application
  Rendered landing/index.html.erb within layouts/application (0.8ms)
  Rendered layouts/_header.html.erb (0.5ms)
Completed 200 OK in 78ms (Views: 76.2ms)


  
ActionController::RoutingError (No route matches [GET] "/assets/images/jason.jpeg"):
  
actionpack (5.1.4) lib/action_dispatch/middleware/debug_exceptions.rb:63:in `call'
web-console (3.5.1) lib/web_console/middleware.rb:135:in `call_app'
web-console (3.5.1) lib/web_console/middleware.rb:28:in `block in call'
web-console (3.5.1) lib/web_console/middleware.rb:18:in `catch'
web-console (3.5.1) lib/web_console/middleware.rb:18:in `call'
actionpack (5.1.4) lib/action_dispatch/middleware/show_exceptions.rb:31:in `call'
railties (5.1.4) lib/rails/rack/logger.rb:36:in `call_app'
railties (5.1.4) lib/rails/rack/logger.rb:24:in `block in call'
activesupport (5.1.4) lib/active_support/tagged_logging.rb:69:in `block in tagged'
activesupport (5.1.4) lib/active_support/tagged_logging.rb:26:in `tagged'
activesupport (5.1.4) lib/active_support/tagged_logging.rb:69:in `tagged'
railties (5.1.4) lib/rails/rack/logger.rb:24:in `call'
sprockets-rails (3.2.1) lib/sprockets/rails/quiet_assets.rb:11:in `block in call'
activesupport (5.1.4) lib/active_support/logger_silence.rb:20:in `silence'
activesupport (5.1.4) lib/active_support/logger.rb:63:in `block (3 levels) in broadcast'
activesupport (5.1.4) lib/active_support/logger_silence.rb:20:in `silence'
activesupport (5.1.4) lib/active_support/logger.rb:61:in `block (2 levels) in broadcast'
sprockets-rails (3.2.1) lib/sprockets/rails/quiet_assets.rb:11:in `call'
actionpack (5.1.4) lib/action_dispatch/middleware/remote_ip.rb:79:in `call'
actionpack (5.1.4) lib/action_dispatch/middleware/request_id.rb:25:in `call'
rack (2.0.3) lib/rack/method_override.rb:22:in `call'
rack (2.0.3) lib/rack/runtime.rb:22:in `call'
activesupport (5.1.4) lib/active_support/cache/strategy/local_cache_middleware.rb:27:in `call'
actionpack (5.1.4) lib/action_dispatch/middleware/executor.rb:12:in `call'
actionpack (5.1.4) lib/action_dispatch/middleware/static.rb:125:in `call'
rack (2.0.3) lib/rack/sendfile.rb:111:in `call'
railties (5.1.4) lib/rails/engine.rb:522:in `call'
puma (3.10.0) lib/puma/configuration.rb:225:in `call'
puma (3.10.0) lib/puma/server.rb:605:in `handle_request'
puma (3.10.0) lib/puma/server.rb:437:in `process_client'
puma (3.10.0) lib/puma/server.rb:301:in `block in run'
puma (3.10.0) lib/puma/thread_pool.rb:120:in `block in spawn_thread'
Started GET "/" for 127.0.0.1 at 2017-10-14 17:19:48 -0400
Processing by LandingController#index as HTML
  Rendering landing/index.html.erb within layouts/application
  Rendered landing/index.html.erb within layouts/application (0.8ms)
  Rendered layouts/_header.html.erb (0.4ms)
Completed 200 OK in 70ms (Views: 68.6ms)


Started GET "/jason.jpeg" for 127.0.0.1 at 2017-10-14 17:19:48 -0400
  
ActionController::RoutingError (No route matches [GET] "/jason.jpeg"):
  
actionpack (5.1.4) lib/action_dispatch/middleware/debug_exceptions.rb:63:in `call'
web-console (3.5.1) lib/web_console/middleware.rb:135:in `call_app'
web-console (3.5.1) lib/web_console/middleware.rb:28:in `block in call'
web-console (3.5.1) lib/web_console/middleware.rb:18:in `catch'
web-console (3.5.1) lib/web_console/middleware.rb:18:in `call'
actionpack (5.1.4) lib/action_dispatch/middleware/show_exceptions.rb:31:in `call'
railties (5.1.4) lib/rails/rack/logger.rb:36:in `call_app'
railties (5.1.4) lib/rails/rack/logger.rb:24:in `block in call'
activesupport (5.1.4) lib/active_support/tagged_logging.rb:69:in `block in tagged'
activesupport (5.1.4) lib/active_support/tagged_logging.rb:26:in `tagged'
activesupport (5.1.4) lib/active_support/tagged_logging.rb:69:in `tagged'
railties (5.1.4) lib/rails/rack/logger.rb:24:in `call'
sprockets-rails (3.2.1) lib/sprockets/rails/quiet_assets.rb:13:in `call'
actionpack (5.1.4) lib/action_dispatch/middleware/remote_ip.rb:79:in `call'
actionpack (5.1.4) lib/action_dispatch/middleware/request_id.rb:25:in `call'
rack (2.0.3) lib/rack/method_override.rb:22:in `call'
rack (2.0.3) lib/rack/runtime.rb:22:in `call'
activesupport (5.1.4) lib/active_support/cache/strategy/local_cache_middleware.rb:27:in `call'
actionpack (5.1.4) lib/action_dispatch/middleware/executor.rb:12:in `call'
actionpack (5.1.4) lib/action_dispatch/middleware/static.rb:125:in `call'
rack (2.0.3) lib/rack/sendfile.rb:111:in `call'
railties (5.1.4) lib/rails/engine.rb:522:in `call'
puma (3.10.0) lib/puma/configuration.rb:225:in `call'
puma (3.10.0) lib/puma/server.rb:605:in `handle_request'
puma (3.10.0) lib/puma/server.rb:437:in `process_client'
puma (3.10.0) lib/puma/server.rb:301:in `block in run'
puma (3.10.0) lib/puma/thread_pool.rb:120:in `block in spawn_thread'
Started GET "/" for 127.0.0.1 at 2017-10-14 17:20:00 -0400
Processing by LandingController#index as HTML
  Rendering landing/index.html.erb within layouts/application
  Rendered landing/index.html.erb within layouts/application (0.7ms)
  Rendered layouts/_header.html.erb (0.4ms)
Completed 200 OK in 63ms (Views: 60.8ms)


Started GET "/app/assets/images/jason.jpeg" for 127.0.0.1 at 2017-10-14 17:20:00 -0400
  
ActionController::RoutingError (No route matches [GET] "/app/assets/images/jason.jpeg"):
  
actionpack (5.1.4) lib/action_dispatch/middleware/debug_exceptions.rb:63:in `call'
web-console (3.5.1) lib/web_console/middleware.rb:135:in `call_app'
web-console (3.5.1) lib/web_console/middleware.rb:28:in `block in call'
web-console (3.5.1) lib/web_console/middleware.rb:18:in `catch'
web-console (3.5.1) lib/web_console/middleware.rb:18:in `call'
actionpack (5.1.4) lib/action_dispatch/middleware/show_exceptions.rb:31:in `call'
railties (5.1.4) lib/rails/rack/logger.rb:36:in `call_app'
railties (5.1.4) lib/rails/rack/logger.rb:24:in `block in call'
activesupport (5.1.4) lib/active_support/tagged_logging.rb:69:in `block in tagged'
activesupport (5.1.4) lib/active_support/tagged_logging.rb:26:in `tagged'
activesupport (5.1.4) lib/active_support/tagged_logging.rb:69:in `tagged'
railties (5.1.4) lib/rails/rack/logger.rb:24:in `call'
sprockets-rails (3.2.1) lib/sprockets/rails/quiet_assets.rb:13:in `call'
actionpack (5.1.4) lib/action_dispatch/middleware/remote_ip.rb:79:in `call'
actionpack (5.1.4) lib/action_dispatch/middleware/request_id.rb:25:in `call'
rack (2.0.3) lib/rack/method_override.rb:22:in `call'
rack (2.0.3) lib/rack/runtime.rb:22:in `call'
activesupport (5.1.4) lib/active_support/cache/strategy/local_cache_middleware.rb:27:in `call'
actionpack (5.1.4) lib/action_dispatch/middleware/executor.rb:12:in `call'
actionpack (5.1.4) lib/action_dispatch/middleware/static.rb:125:in `call'
rack (2.0.3) lib/rack/sendfile.rb:111:in `call'
railties (5.1.4) lib/rails/engine.rb:522:in `call'
puma (3.10.0) lib/puma/configuration.rb:225:in `call'
puma (3.10.0) lib/puma/server.rb:605:in `handle_request'
puma (3.10.0) lib/puma/server.rb:437:in `process_client'
puma (3.10.0) lib/puma/server.rb:301:in `block in run'
puma (3.10.0) lib/puma/thread_pool.rb:120:in `block in spawn_thread'
Started GET "/" for 127.0.0.1 at 2017-10-14 17:20:36 -0400
Processing by LandingController#index as HTML
  Rendering landing/index.html.erb within layouts/application
  Rendered landing/index.html.erb within layouts/application (0.8ms)
  Rendered layouts/_header.html.erb (0.4ms)
Completed 200 OK in 56ms (Views: 54.4ms)


  
ActionController::RoutingError (No route matches [GET] "/assets/images/jason.jpeg"):
  
actionpack (5.1.4) lib/action_dispatch/middleware/debug_exceptions.rb:63:in `call'
web-console (3.5.1) lib/web_console/middleware.rb:135:in `call_app'
web-console (3.5.1) lib/web_console/middleware.rb:28:in `block in call'
web-console (3.5.1) lib/web_console/middleware.rb:18:in `catch'
web-console (3.5.1) lib/web_console/middleware.rb:18:in `call'
actionpack (5.1.4) lib/action_dispatch/middleware/show_exceptions.rb:31:in `call'
railties (5.1.4) lib/rails/rack/logger.rb:36:in `call_app'
railties (5.1.4) lib/rails/rack/logger.rb:24:in `block in call'
activesupport (5.1.4) lib/active_support/tagged_logging.rb:69:in `block in tagged'
activesupport (5.1.4) lib/active_support/tagged_logging.rb:26:in `tagged'
activesupport (5.1.4) lib/active_support/tagged_logging.rb:69:in `tagged'
railties (5.1.4) lib/rails/rack/logger.rb:24:in `call'
sprockets-rails (3.2.1) lib/sprockets/rails/quiet_assets.rb:11:in `block in call'
activesupport (5.1.4) lib/active_support/logger_silence.rb:20:in `silence'
activesupport (5.1.4) lib/active_support/logger.rb:63:in `block (3 levels) in broadcast'
activesupport (5.1.4) lib/active_support/logger_silence.rb:20:in `silence'
activesupport (5.1.4) lib/active_support/logger.rb:61:in `block (2 levels) in broadcast'
sprockets-rails (3.2.1) lib/sprockets/rails/quiet_assets.rb:11:in `call'
actionpack (5.1.4) lib/action_dispatch/middleware/remote_ip.rb:79:in `call'
actionpack (5.1.4) lib/action_dispatch/middleware/request_id.rb:25:in `call'
rack (2.0.3) lib/rack/method_override.rb:22:in `call'
rack (2.0.3) lib/rack/runtime.rb:22:in `call'
activesupport (5.1.4) lib/active_support/cache/strategy/local_cache_middleware.rb:27:in `call'
actionpack (5.1.4) lib/action_dispatch/middleware/executor.rb:12:in `call'
actionpack (5.1.4) lib/action_dispatch/middleware/static.rb:125:in `call'
rack (2.0.3) lib/rack/sendfile.rb:111:in `call'
railties (5.1.4) lib/rails/engine.rb:522:in `call'
puma (3.10.0) lib/puma/configuration.rb:225:in `call'
puma (3.10.0) lib/puma/server.rb:605:in `handle_request'
puma (3.10.0) lib/puma/server.rb:437:in `process_client'
puma (3.10.0) lib/puma/server.rb:301:in `block in run'
puma (3.10.0) lib/puma/thread_pool.rb:120:in `block in spawn_thread'
Started GET "/" for 127.0.0.1 at 2017-10-14 17:20:38 -0400
Processing by LandingController#index as HTML
  Rendering landing/index.html.erb within layouts/application
  Rendered landing/index.html.erb within layouts/application (0.7ms)
  Rendered layouts/_header.html.erb (0.4ms)
Completed 200 OK in 66ms (Views: 64.1ms)


  
ActionController::RoutingError (No route matches [GET] "/assets/images/jason.jpeg"):
  
actionpack (5.1.4) lib/action_dispatch/middleware/debug_exceptions.rb:63:in `call'
web-console (3.5.1) lib/web_console/middleware.rb:135:in `call_app'
web-console (3.5.1) lib/web_console/middleware.rb:28:in `block in call'
web-console (3.5.1) lib/web_console/middleware.rb:18:in `catch'
web-console (3.5.1) lib/web_console/middleware.rb:18:in `call'
actionpack (5.1.4) lib/action_dispatch/middleware/show_exceptions.rb:31:in `call'
railties (5.1.4) lib/rails/rack/logger.rb:36:in `call_app'
railties (5.1.4) lib/rails/rack/logger.rb:24:in `block in call'
activesupport (5.1.4) lib/active_support/tagged_logging.rb:69:in `block in tagged'
activesupport (5.1.4) lib/active_support/tagged_logging.rb:26:in `tagged'
activesupport (5.1.4) lib/active_support/tagged_logging.rb:69:in `tagged'
railties (5.1.4) lib/rails/rack/logger.rb:24:in `call'
sprockets-rails (3.2.1) lib/sprockets/rails/quiet_assets.rb:11:in `block in call'
activesupport (5.1.4) lib/active_support/logger_silence.rb:20:in `silence'
activesupport (5.1.4) lib/active_support/logger.rb:63:in `block (3 levels) in broadcast'
activesupport (5.1.4) lib/active_support/logger_silence.rb:20:in `silence'
activesupport (5.1.4) lib/active_support/logger.rb:61:in `block (2 levels) in broadcast'
sprockets-rails (3.2.1) lib/sprockets/rails/quiet_assets.rb:11:in `call'
actionpack (5.1.4) lib/action_dispatch/middleware/remote_ip.rb:79:in `call'
actionpack (5.1.4) lib/action_dispatch/middleware/request_id.rb:25:in `call'
rack (2.0.3) lib/rack/method_override.rb:22:in `call'
rack (2.0.3) lib/rack/runtime.rb:22:in `call'
activesupport (5.1.4) lib/active_support/cache/strategy/local_cache_middleware.rb:27:in `call'
actionpack (5.1.4) lib/action_dispatch/middleware/executor.rb:12:in `call'
actionpack (5.1.4) lib/action_dispatch/middleware/static.rb:125:in `call'
rack (2.0.3) lib/rack/sendfile.rb:111:in `call'
railties (5.1.4) lib/rails/engine.rb:522:in `call'
puma (3.10.0) lib/puma/configuration.rb:225:in `call'
puma (3.10.0) lib/puma/server.rb:605:in `handle_request'
puma (3.10.0) lib/puma/server.rb:437:in `process_client'
puma (3.10.0) lib/puma/server.rb:301:in `block in run'
puma (3.10.0) lib/puma/thread_pool.rb:120:in `block in spawn_thread'
Started GET "/" for 127.0.0.1 at 2017-10-14 17:20:46 -0400
Processing by LandingController#index as HTML
  Rendering landing/index.html.erb within layouts/application
  Rendered landing/index.html.erb within layouts/application (1.2ms)
  Rendered layouts/_header.html.erb (0.6ms)
Completed 200 OK in 510ms (Views: 315.0ms)


  
ActionController::RoutingError (No route matches [GET] "/assets/images/jason.jpeg"):
  
actionpack (5.1.4) lib/action_dispatch/middleware/debug_exceptions.rb:63:in `call'
web-console (3.5.1) lib/web_console/middleware.rb:135:in `call_app'
web-console (3.5.1) lib/web_console/middleware.rb:28:in `block in call'
web-console (3.5.1) lib/web_console/middleware.rb:18:in `catch'
web-console (3.5.1) lib/web_console/middleware.rb:18:in `call'
actionpack (5.1.4) lib/action_dispatch/middleware/show_exceptions.rb:31:in `call'
railties (5.1.4) lib/rails/rack/logger.rb:36:in `call_app'
railties (5.1.4) lib/rails/rack/logger.rb:24:in `block in call'
activesupport (5.1.4) lib/active_support/tagged_logging.rb:69:in `block in tagged'
activesupport (5.1.4) lib/active_support/tagged_logging.rb:26:in `tagged'
activesupport (5.1.4) lib/active_support/tagged_logging.rb:69:in `tagged'
railties (5.1.4) lib/rails/rack/logger.rb:24:in `call'
sprockets-rails (3.2.1) lib/sprockets/rails/quiet_assets.rb:11:in `block in call'
activesupport (5.1.4) lib/active_support/logger_silence.rb:20:in `silence'
activesupport (5.1.4) lib/active_support/logger.rb:63:in `block (3 levels) in broadcast'
activesupport (5.1.4) lib/active_support/logger_silence.rb:20:in `silence'
activesupport (5.1.4) lib/active_support/logger.rb:61:in `block (2 levels) in broadcast'
sprockets-rails (3.2.1) lib/sprockets/rails/quiet_assets.rb:11:in `call'
actionpack (5.1.4) lib/action_dispatch/middleware/remote_ip.rb:79:in `call'
actionpack (5.1.4) lib/action_dispatch/middleware/request_id.rb:25:in `call'
rack (2.0.3) lib/rack/method_override.rb:22:in `call'
rack (2.0.3) lib/rack/runtime.rb:22:in `call'
activesupport (5.1.4) lib/active_support/cache/strategy/local_cache_middleware.rb:27:in `call'
actionpack (5.1.4) lib/action_dispatch/middleware/executor.rb:12:in `call'
actionpack (5.1.4) lib/action_dispatch/middleware/static.rb:125:in `call'
rack (2.0.3) lib/rack/sendfile.rb:111:in `call'
railties (5.1.4) lib/rails/engine.rb:522:in `call'
puma (3.10.0) lib/puma/configuration.rb:225:in `call'
puma (3.10.0) lib/puma/server.rb:605:in `handle_request'
puma (3.10.0) lib/puma/server.rb:437:in `process_client'
puma (3.10.0) lib/puma/server.rb:301:in `block in run'
puma (3.10.0) lib/puma/thread_pool.rb:120:in `block in spawn_thread'
Started GET "/" for 127.0.0.1 at 2017-10-14 17:20:48 -0400
Processing by LandingController#index as HTML
  Rendering landing/index.html.erb within layouts/application
  Rendered landing/index.html.erb within layouts/application (1.0ms)
  Rendered layouts/_header.html.erb (0.5ms)
Completed 200 OK in 103ms (Views: 100.7ms)


  
ActionController::RoutingError (No route matches [GET] "/assets/images/jason.jpeg"):
  
actionpack (5.1.4) lib/action_dispatch/middleware/debug_exceptions.rb:63:in `call'
web-console (3.5.1) lib/web_console/middleware.rb:135:in `call_app'
web-console (3.5.1) lib/web_console/middleware.rb:28:in `block in call'
web-console (3.5.1) lib/web_console/middleware.rb:18:in `catch'
web-console (3.5.1) lib/web_console/middleware.rb:18:in `call'
actionpack (5.1.4) lib/action_dispatch/middleware/show_exceptions.rb:31:in `call'
railties (5.1.4) lib/rails/rack/logger.rb:36:in `call_app'
railties (5.1.4) lib/rails/rack/logger.rb:24:in `block in call'
activesupport (5.1.4) lib/active_support/tagged_logging.rb:69:in `block in tagged'
activesupport (5.1.4) lib/active_support/tagged_logging.rb:26:in `tagged'
activesupport (5.1.4) lib/active_support/tagged_logging.rb:69:in `tagged'
railties (5.1.4) lib/rails/rack/logger.rb:24:in `call'
sprockets-rails (3.2.1) lib/sprockets/rails/quiet_assets.rb:11:in `block in call'
activesupport (5.1.4) lib/active_support/logger_silence.rb:20:in `silence'
activesupport (5.1.4) lib/active_support/logger.rb:63:in `block (3 levels) in broadcast'
activesupport (5.1.4) lib/active_support/logger_silence.rb:20:in `silence'
activesupport (5.1.4) lib/active_support/logger.rb:61:in `block (2 levels) in broadcast'
sprockets-rails (3.2.1) lib/sprockets/rails/quiet_assets.rb:11:in `call'
actionpack (5.1.4) lib/action_dispatch/middleware/remote_ip.rb:79:in `call'
actionpack (5.1.4) lib/action_dispatch/middleware/request_id.rb:25:in `call'
rack (2.0.3) lib/rack/method_override.rb:22:in `call'
rack (2.0.3) lib/rack/runtime.rb:22:in `call'
activesupport (5.1.4) lib/active_support/cache/strategy/local_cache_middleware.rb:27:in `call'
actionpack (5.1.4) lib/action_dispatch/middleware/executor.rb:12:in `call'
actionpack (5.1.4) lib/action_dispatch/middleware/static.rb:125:in `call'
rack (2.0.3) lib/rack/sendfile.rb:111:in `call'
railties (5.1.4) lib/rails/engine.rb:522:in `call'
puma (3.10.0) lib/puma/configuration.rb:225:in `call'
puma (3.10.0) lib/puma/server.rb:605:in `handle_request'
puma (3.10.0) lib/puma/server.rb:437:in `process_client'
puma (3.10.0) lib/puma/server.rb:301:in `block in run'
puma (3.10.0) lib/puma/thread_pool.rb:120:in `block in spawn_thread'
Started GET "/" for 127.0.0.1 at 2017-10-14 17:20:49 -0400
Processing by LandingController#index as HTML
  Rendering landing/index.html.erb within layouts/application
  Rendered landing/index.html.erb within layouts/application (0.9ms)
  Rendered layouts/_header.html.erb (0.3ms)
Completed 200 OK in 86ms (Views: 83.2ms)


  
ActionController::RoutingError (No route matches [GET] "/assets/images/jason.jpeg"):
  
actionpack (5.1.4) lib/action_dispatch/middleware/debug_exceptions.rb:63:in `call'
web-console (3.5.1) lib/web_console/middleware.rb:135:in `call_app'
web-console (3.5.1) lib/web_console/middleware.rb:28:in `block in call'
web-console (3.5.1) lib/web_console/middleware.rb:18:in `catch'
web-console (3.5.1) lib/web_console/middleware.rb:18:in `call'
actionpack (5.1.4) lib/action_dispatch/middleware/show_exceptions.rb:31:in `call'
railties (5.1.4) lib/rails/rack/logger.rb:36:in `call_app'
railties (5.1.4) lib/rails/rack/logger.rb:24:in `block in call'
activesupport (5.1.4) lib/active_support/tagged_logging.rb:69:in `block in tagged'
activesupport (5.1.4) lib/active_support/tagged_logging.rb:26:in `tagged'
activesupport (5.1.4) lib/active_support/tagged_logging.rb:69:in `tagged'
railties (5.1.4) lib/rails/rack/logger.rb:24:in `call'
sprockets-rails (3.2.1) lib/sprockets/rails/quiet_assets.rb:11:in `block in call'
activesupport (5.1.4) lib/active_support/logger_silence.rb:20:in `silence'
activesupport (5.1.4) lib/active_support/logger.rb:63:in `block (3 levels) in broadcast'
activesupport (5.1.4) lib/active_support/logger_silence.rb:20:in `silence'
activesupport (5.1.4) lib/active_support/logger.rb:61:in `block (2 levels) in broadcast'
sprockets-rails (3.2.1) lib/sprockets/rails/quiet_assets.rb:11:in `call'
actionpack (5.1.4) lib/action_dispatch/middleware/remote_ip.rb:79:in `call'
actionpack (5.1.4) lib/action_dispatch/middleware/request_id.rb:25:in `call'
rack (2.0.3) lib/rack/method_override.rb:22:in `call'
rack (2.0.3) lib/rack/runtime.rb:22:in `call'
activesupport (5.1.4) lib/active_support/cache/strategy/local_cache_middleware.rb:27:in `call'
actionpack (5.1.4) lib/action_dispatch/middleware/executor.rb:12:in `call'
actionpack (5.1.4) lib/action_dispatch/middleware/static.rb:125:in `call'
rack (2.0.3) lib/rack/sendfile.rb:111:in `call'
railties (5.1.4) lib/rails/engine.rb:522:in `call'
puma (3.10.0) lib/puma/configuration.rb:225:in `call'
puma (3.10.0) lib/puma/server.rb:605:in `handle_request'
puma (3.10.0) lib/puma/server.rb:437:in `process_client'
puma (3.10.0) lib/puma/server.rb:301:in `block in run'
puma (3.10.0) lib/puma/thread_pool.rb:120:in `block in spawn_thread'
Started GET "/" for 127.0.0.1 at 2017-10-14 17:21:01 -0400
Processing by LandingController#index as HTML
  Rendering landing/index.html.erb within layouts/application
  Rendered landing/index.html.erb within layouts/application (2.0ms)
  Rendered layouts/_header.html.erb (0.4ms)
Completed 200 OK in 64ms (Views: 62.6ms)


Started GET "/" for 127.0.0.1 at 2017-10-14 17:22:27 -0400
Processing by LandingController#index as HTML
  Rendering landing/index.html.erb within layouts/application
  Rendered landing/index.html.erb within layouts/application (3.3ms)
  Rendered layouts/_header.html.erb (0.3ms)
Completed 200 OK in 81ms (Views: 78.9ms)


Started GET "/" for 127.0.0.1 at 2017-10-14 17:22:53 -0400
Processing by LandingController#index as HTML
  Rendering landing/index.html.erb within layouts/application
  Rendered landing/index.html.erb within layouts/application (2.7ms)
  Rendered layouts/_header.html.erb (0.6ms)
Completed 200 OK in 88ms (Views: 85.4ms)


Started GET "/" for 127.0.0.1 at 2017-10-14 17:23:04 -0400
Processing by LandingController#index as HTML
  Rendering landing/index.html.erb within layouts/application
  Rendered landing/index.html.erb within layouts/application (2.3ms)
  Rendered layouts/_header.html.erb (0.3ms)
Completed 200 OK in 69ms (Views: 65.7ms)


Started GET "/" for 127.0.0.1 at 2017-10-14 17:25:13 -0400
Processing by LandingController#index as HTML
  Rendering landing/index.html.erb within layouts/application
  Rendered landing/index.html.erb within layouts/application (16.5ms)
Completed 500 Internal Server Error in 26ms


  
ActionView::Template::Error (The asset "jason.jpeg" is not present in the asset pipeline.):
    178: 				You book a weekly schedule for 4 weeks. You can book as many open time slots as youd like. We will meet on the same day(s) and time(s) for 4 consecutive weeks through Skype. Materials will be given to you online to complete. In person-sessions are also available if you're in the DC area.
    179: 				<br><br>
    180: 				<button>Insert Buy Button here: "Book Jason Risk-Free"</button><br><br>
    181: 				<%= image_tag('jason.jpeg', alt: 'jason-head-shot', size: "190x190") %>
    182: 			</p>
    183: 		</div>
    184: 		<div class="col-md-3 right-side">
  
app/views/landing/index.html.erb:181:in `_app_views_landing_index_html_erb___1042195596650798971_70117463106780'
Started GET "/" for 127.0.0.1 at 2017-10-14 17:25:23 -0400
Processing by LandingController#index as HTML
  Rendering landing/index.html.erb within layouts/application
  Rendered landing/index.html.erb within layouts/application (137.0ms)
Completed 500 Internal Server Error in 412ms


  
ActionView::Template::Error (The asset "jason.jpeg" is not present in the asset pipeline.):
    178: 				You book a weekly schedule for 4 weeks. You can book as many open time slots as youd like. We will meet on the same day(s) and time(s) for 4 consecutive weeks through Skype. Materials will be given to you online to complete. In person-sessions are also available if you're in the DC area.
    179: 				<br><br>
    180: 				<button>Insert Buy Button here: "Book Jason Risk-Free"</button><br><br>
    181: 				<%= image_tag('jason.jpeg', alt: 'jason-head-shot', size: "190x190") %>
    182: 			</p>
    183: 		</div>
    184: 		<div class="col-md-3 right-side">
  
app/views/landing/index.html.erb:181:in `_app_views_landing_index_html_erb___1731824507897936054_70103096602520'
Started GET "/" for 127.0.0.1 at 2017-10-14 17:25:40 -0400
Processing by LandingController#index as HTML
  Rendering landing/index.html.erb within layouts/application
  Rendered landing/index.html.erb within layouts/application (201.4ms)
  Rendered layouts/_header.html.erb (0.5ms)
Completed 200 OK in 372ms (Views: 369.7ms)


Started GET "/" for 127.0.0.1 at 2017-10-14 17:26:51 -0400
Processing by LandingController#index as HTML
  Rendering landing/index.html.erb within layouts/application
  Rendered landing/index.html.erb within layouts/application (2.1ms)
  Rendered layouts/_header.html.erb (0.5ms)
Completed 200 OK in 57ms (Views: 54.4ms)


